{"/Users/toshinoriishibashi/Desktop/ULTRA/crypto-rfq-aggregator-hype/frontend/next.config.mjs": {"path":"/Users/toshinoriishibashi/Desktop/ULTRA/crypto-rfq-aggregator-hype/frontend/next.config.mjs","all":true,"statementMap":{"0":{"start":{"line":1,"column":0},"end":{"line":1,"column":40}},"1":{"start":{"line":2,"column":0},"end":{"line":2,"column":0}},"2":{"start":{"line":3,"column":0},"end":{"line":3,"column":79}},"3":{"start":{"line":4,"column":0},"end":{"line":4,"column":68}},"4":{"start":{"line":5,"column":0},"end":{"line":5,"column":13}},"5":{"start":{"line":6,"column":0},"end":{"line":6,"column":25}},"6":{"start":{"line":7,"column":0},"end":{"line":7,"column":40}},"7":{"start":{"line":8,"column":0},"end":{"line":8,"column":39}},"8":{"start":{"line":9,"column":0},"end":{"line":9,"column":27}},"9":{"start":{"line":10,"column":0},"end":{"line":10,"column":22}},"10":{"start":{"line":11,"column":0},"end":{"line":11,"column":49}},"11":{"start":{"line":12,"column":0},"end":{"line":12,"column":29}},"12":{"start":{"line":13,"column":0},"end":{"line":13,"column":22}},"13":{"start":{"line":14,"column":0},"end":{"line":14,"column":25}},"14":{"start":{"line":15,"column":0},"end":{"line":15,"column":32}},"15":{"start":{"line":16,"column":0},"end":{"line":16,"column":13}},"16":{"start":{"line":17,"column":0},"end":{"line":17,"column":0}},"17":{"start":{"line":18,"column":0},"end":{"line":18,"column":25}},"18":{"start":{"line":19,"column":0},"end":{"line":19,"column":51}},"19":{"start":{"line":20,"column":0},"end":{"line":20,"column":46}},"20":{"start":{"line":21,"column":0},"end":{"line":21,"column":56}},"21":{"start":{"line":22,"column":0},"end":{"line":22,"column":73}},"22":{"start":{"line":23,"column":0},"end":{"line":23,"column":105}},"23":{"start":{"line":24,"column":0},"end":{"line":24,"column":2}},"24":{"start":{"line":25,"column":0},"end":{"line":25,"column":0}},"25":{"start":{"line":26,"column":0},"end":{"line":26,"column":20}},"26":{"start":{"line":27,"column":0},"end":{"line":27,"column":74}},"27":{"start":{"line":28,"column":0},"end":{"line":28,"column":25}},"28":{"start":{"line":29,"column":0},"end":{"line":29,"column":21}},"29":{"start":{"line":30,"column":0},"end":{"line":30,"column":65}},"30":{"start":{"line":31,"column":0},"end":{"line":31,"column":6}},"31":{"start":{"line":32,"column":0},"end":{"line":32,"column":2}},"32":{"start":{"line":33,"column":0},"end":{"line":33,"column":0}},"33":{"start":{"line":34,"column":0},"end":{"line":34,"column":26}}},"s":{"0":0,"1":0,"2":0,"3":0,"4":0,"5":0,"6":0,"7":0,"8":0,"9":0,"10":0,"11":0,"12":0,"13":0,"14":0,"15":0,"16":0,"17":0,"18":0,"19":0,"20":0,"21":0,"22":0,"23":0,"24":0,"25":0,"26":0,"27":0,"28":0,"29":0,"30":0,"31":0,"32":0,"33":0},"branchMap":{"0":{"type":"branch","line":1,"loc":{"start":{"line":1,"column":0},"end":{"line":34,"column":14}},"locations":[{"start":{"line":1,"column":0},"end":{"line":34,"column":14}}]}},"b":{"0":[0]},"fnMap":{"0":{"name":"(empty-report)","decl":{"start":{"line":1,"column":0},"end":{"line":34,"column":14}},"loc":{"start":{"line":1,"column":0},"end":{"line":34,"column":14}},"line":1}},"f":{"0":0}}
,"/Users/toshinoriishibashi/Desktop/ULTRA/crypto-rfq-aggregator-hype/frontend/playwright.config.ts": {"path":"/Users/toshinoriishibashi/Desktop/ULTRA/crypto-rfq-aggregator-hype/frontend/playwright.config.ts","all":true,"statementMap":{"0":{"start":{"line":1,"column":0},"end":{"line":1,"column":57}},"7":{"start":{"line":8,"column":0},"end":{"line":8,"column":29}},"8":{"start":{"line":9,"column":0},"end":{"line":9,"column":21}},"9":{"start":{"line":10,"column":0},"end":{"line":10,"column":24}},"10":{"start":{"line":11,"column":0},"end":{"line":11,"column":33}},"11":{"start":{"line":12,"column":0},"end":{"line":12,"column":36}},"12":{"start":{"line":13,"column":0},"end":{"line":13,"column":47}},"13":{"start":{"line":14,"column":0},"end":{"line":14,"column":10}},"14":{"start":{"line":15,"column":0},"end":{"line":15,"column":41}},"15":{"start":{"line":16,"column":0},"end":{"line":16,"column":32}},"16":{"start":{"line":17,"column":0},"end":{"line":17,"column":6}},"17":{"start":{"line":18,"column":0},"end":{"line":18,"column":76}},"18":{"start":{"line":19,"column":0},"end":{"line":19,"column":16}},"19":{"start":{"line":20,"column":0},"end":{"line":20,"column":33}},"20":{"start":{"line":21,"column":0},"end":{"line":21,"column":37}},"21":{"start":{"line":22,"column":0},"end":{"line":22,"column":45}},"22":{"start":{"line":23,"column":0},"end":{"line":23,"column":25}},"23":{"start":{"line":24,"column":0},"end":{"line":24,"column":6}},"24":{"start":{"line":25,"column":0},"end":{"line":25,"column":3}}},"s":{"0":0,"7":0,"8":0,"9":0,"10":0,"11":0,"12":0,"13":0,"14":0,"15":0,"16":0,"17":0,"18":0,"19":0,"20":0,"21":0,"22":0,"23":0,"24":0},"branchMap":{"0":{"type":"branch","line":1,"loc":{"start":{"line":1,"column":786},"end":{"line":25,"column":3}},"locations":[{"start":{"line":1,"column":786},"end":{"line":25,"column":3}}]}},"b":{"0":[0]},"fnMap":{"0":{"name":"(empty-report)","decl":{"start":{"line":1,"column":786},"end":{"line":25,"column":3}},"loc":{"start":{"line":1,"column":786},"end":{"line":25,"column":3}},"line":1}},"f":{"0":0}}
,"/Users/toshinoriishibashi/Desktop/ULTRA/crypto-rfq-aggregator-hype/frontend/types.ts": {"path":"/Users/toshinoriishibashi/Desktop/ULTRA/crypto-rfq-aggregator-hype/frontend/types.ts","all":true,"statementMap":{},"s":{},"branchMap":{"0":{"type":"branch","line":1,"loc":{"start":{"line":1,"column":2706},"end":{"line":91,"column":1}},"locations":[{"start":{"line":1,"column":2706},"end":{"line":91,"column":1}}]}},"b":{"0":[1]},"fnMap":{"0":{"name":"(empty-report)","decl":{"start":{"line":1,"column":2706},"end":{"line":91,"column":1}},"loc":{"start":{"line":1,"column":2706},"end":{"line":91,"column":1}},"line":1}},"f":{"0":1}}
,"/Users/toshinoriishibashi/Desktop/ULTRA/crypto-rfq-aggregator-hype/frontend/app/error.tsx": {"path":"/Users/toshinoriishibashi/Desktop/ULTRA/crypto-rfq-aggregator-hype/frontend/app/error.tsx","all":true,"statementMap":{"0":{"start":{"line":1,"column":0},"end":{"line":1,"column":13}},"6":{"start":{"line":7,"column":0},"end":{"line":7,"column":108}},"7":{"start":{"line":8,"column":0},"end":{"line":8,"column":12}},"8":{"start":{"line":9,"column":0},"end":{"line":9,"column":95}},"9":{"start":{"line":10,"column":0},"end":{"line":10,"column":120}},"10":{"start":{"line":11,"column":0},"end":{"line":11,"column":146}},"11":{"start":{"line":12,"column":0},"end":{"line":12,"column":128}},"13":{"start":{"line":14,"column":0},"end":{"line":14,"column":20}},"14":{"start":{"line":15,"column":0},"end":{"line":15,"column":36}},"15":{"start":{"line":16,"column":0},"end":{"line":16,"column":280}},"17":{"start":{"line":18,"column":0},"end":{"line":18,"column":230}},"19":{"start":{"line":20,"column":0},"end":{"line":20,"column":25}},"20":{"start":{"line":21,"column":0},"end":{"line":21,"column":18}},"21":{"start":{"line":22,"column":0},"end":{"line":22,"column":15}},"23":{"start":{"line":24,"column":0},"end":{"line":24,"column":1}}},"s":{"0":0,"6":0,"7":0,"8":0,"9":0,"10":0,"11":0,"13":0,"14":0,"15":0,"17":0,"19":0,"20":0,"21":0,"23":0},"branchMap":{"0":{"type":"branch","line":1,"loc":{"start":{"line":1,"column":1634},"end":{"line":24,"column":1}},"locations":[{"start":{"line":1,"column":1634},"end":{"line":24,"column":1}}]}},"b":{"0":[0]},"fnMap":{"0":{"name":"(empty-report)","decl":{"start":{"line":1,"column":1634},"end":{"line":24,"column":1}},"loc":{"start":{"line":1,"column":1634},"end":{"line":24,"column":1}},"line":1}},"f":{"0":0}}
,"/Users/toshinoriishibashi/Desktop/ULTRA/crypto-rfq-aggregator-hype/frontend/app/layout.tsx": {"path":"/Users/toshinoriishibashi/Desktop/ULTRA/crypto-rfq-aggregator-hype/frontend/app/layout.tsx","all":true,"statementMap":{"0":{"start":{"line":1,"column":0},"end":{"line":1,"column":37}},"4":{"start":{"line":5,"column":0},"end":{"line":5,"column":21}},"5":{"start":{"line":6,"column":0},"end":{"line":6,"column":23}},"6":{"start":{"line":7,"column":0},"end":{"line":7,"column":48}},"7":{"start":{"line":8,"column":0},"end":{"line":8,"column":29}},"8":{"start":{"line":9,"column":0},"end":{"line":9,"column":20}},"9":{"start":{"line":10,"column":0},"end":{"line":10,"column":3}},"11":{"start":{"line":12,"column":0},"end":{"line":12,"column":19}},"12":{"start":{"line":13,"column":0},"end":{"line":13,"column":88}},"15":{"start":{"line":16,"column":0},"end":{"line":16,"column":35}},"16":{"start":{"line":17,"column":0},"end":{"line":17,"column":66}},"17":{"start":{"line":18,"column":0},"end":{"line":18,"column":16}},"18":{"start":{"line":19,"column":0},"end":{"line":19,"column":16}},"19":{"start":{"line":20,"column":0},"end":{"line":20,"column":35}},"20":{"start":{"line":21,"column":0},"end":{"line":21,"column":20}},"21":{"start":{"line":22,"column":0},"end":{"line":22,"column":24}},"22":{"start":{"line":23,"column":0},"end":{"line":23,"column":61}},"23":{"start":{"line":24,"column":0},"end":{"line":24,"column":6}},"24":{"start":{"line":25,"column":0},"end":{"line":25,"column":14}},"25":{"start":{"line":26,"column":0},"end":{"line":26,"column":24}},"26":{"start":{"line":27,"column":0},"end":{"line":27,"column":35}},"27":{"start":{"line":28,"column":0},"end":{"line":28,"column":20}},"28":{"start":{"line":29,"column":0},"end":{"line":29,"column":6}},"29":{"start":{"line":30,"column":0},"end":{"line":30,"column":2}},"33":{"start":{"line":34,"column":0},"end":{"line":34,"column":400}},"35":{"start":{"line":36,"column":0},"end":{"line":36,"column":36}},"36":{"start":{"line":37,"column":0},"end":{"line":37,"column":13}},"37":{"start":{"line":38,"column":0},"end":{"line":38,"column":13}},"39":{"start":{"line":40,"column":0},"end":{"line":40,"column":5}},"40":{"start":{"line":41,"column":0},"end":{"line":41,"column":12}},"41":{"start":{"line":42,"column":0},"end":{"line":42,"column":76}},"42":{"start":{"line":43,"column":0},"end":{"line":43,"column":18}},"43":{"start":{"line":44,"column":0},"end":{"line":44,"column":76}},"44":{"start":{"line":45,"column":0},"end":{"line":45,"column":19}},"45":{"start":{"line":46,"column":0},"end":{"line":46,"column":35}},"46":{"start":{"line":47,"column":0},"end":{"line":47,"column":15}},"48":{"start":{"line":49,"column":0},"end":{"line":49,"column":1}}},"s":{"0":0,"4":0,"5":0,"6":0,"7":0,"8":0,"9":0,"11":0,"12":0,"15":0,"16":0,"17":0,"18":0,"19":0,"20":0,"21":0,"22":0,"23":0,"24":0,"25":0,"26":0,"27":0,"28":0,"29":0,"33":0,"35":0,"36":0,"37":0,"39":0,"40":0,"41":0,"42":0,"43":0,"44":0,"45":0,"46":0,"48":0},"branchMap":{"0":{"type":"branch","line":1,"loc":{"start":{"line":1,"column":1798},"end":{"line":49,"column":1}},"locations":[{"start":{"line":1,"column":1798},"end":{"line":49,"column":1}}]}},"b":{"0":[0]},"fnMap":{"0":{"name":"(empty-report)","decl":{"start":{"line":1,"column":1798},"end":{"line":49,"column":1}},"loc":{"start":{"line":1,"column":1798},"end":{"line":49,"column":1}},"line":1}},"f":{"0":0}}
,"/Users/toshinoriishibashi/Desktop/ULTRA/crypto-rfq-aggregator-hype/frontend/app/page.tsx": {"path":"/Users/toshinoriishibashi/Desktop/ULTRA/crypto-rfq-aggregator-hype/frontend/app/page.tsx","all":true,"statementMap":{"0":{"start":{"line":1,"column":0},"end":{"line":1,"column":13}},"6":{"start":{"line":7,"column":0},"end":{"line":7,"column":47}},"8":{"start":{"line":9,"column":0},"end":{"line":9,"column":37}},"13":{"start":{"line":14,"column":0},"end":{"line":14,"column":51}},"14":{"start":{"line":15,"column":0},"end":{"line":15,"column":60}},"15":{"start":{"line":16,"column":0},"end":{"line":16,"column":52}},"17":{"start":{"line":18,"column":0},"end":{"line":18,"column":21}},"20":{"start":{"line":21,"column":0},"end":{"line":21,"column":83}},"21":{"start":{"line":22,"column":0},"end":{"line":22,"column":13}},"22":{"start":{"line":23,"column":0},"end":{"line":23,"column":58}},"23":{"start":{"line":24,"column":0},"end":{"line":24,"column":22}},"24":{"start":{"line":25,"column":0},"end":{"line":25,"column":42}},"25":{"start":{"line":26,"column":0},"end":{"line":26,"column":64}},"26":{"start":{"line":27,"column":0},"end":{"line":27,"column":13}},"27":{"start":{"line":28,"column":0},"end":{"line":28,"column":45}},"28":{"start":{"line":29,"column":0},"end":{"line":29,"column":26}},"29":{"start":{"line":30,"column":0},"end":{"line":30,"column":11}},"30":{"start":{"line":31,"column":0},"end":{"line":31,"column":21}},"31":{"start":{"line":32,"column":0},"end":{"line":32,"column":30}},"32":{"start":{"line":33,"column":0},"end":{"line":33,"column":97}},"33":{"start":{"line":34,"column":0},"end":{"line":34,"column":36}},"37":{"start":{"line":38,"column":0},"end":{"line":38,"column":21}},"38":{"start":{"line":39,"column":0},"end":{"line":39,"column":30}},"39":{"start":{"line":40,"column":0},"end":{"line":40,"column":89}},"40":{"start":{"line":41,"column":0},"end":{"line":41,"column":29}},"42":{"start":{"line":43,"column":0},"end":{"line":43,"column":12}},"43":{"start":{"line":44,"column":0},"end":{"line":44,"column":36}},"44":{"start":{"line":45,"column":0},"end":{"line":45,"column":127}},"45":{"start":{"line":46,"column":0},"end":{"line":46,"column":149}},"46":{"start":{"line":47,"column":0},"end":{"line":47,"column":88}},"47":{"start":{"line":48,"column":0},"end":{"line":48,"column":50}},"48":{"start":{"line":49,"column":0},"end":{"line":49,"column":114}},"50":{"start":{"line":51,"column":0},"end":{"line":51,"column":31}},"51":{"start":{"line":52,"column":0},"end":{"line":52,"column":26}},"52":{"start":{"line":53,"column":0},"end":{"line":53,"column":106}},"53":{"start":{"line":54,"column":0},"end":{"line":54,"column":230}},"54":{"start":{"line":55,"column":0},"end":{"line":55,"column":51}},"55":{"start":{"line":56,"column":0},"end":{"line":56,"column":39}},"56":{"start":{"line":57,"column":0},"end":{"line":57,"column":43}},"57":{"start":{"line":58,"column":0},"end":{"line":58,"column":63}},"58":{"start":{"line":59,"column":0},"end":{"line":59,"column":62}},"59":{"start":{"line":60,"column":0},"end":{"line":60,"column":44}},"60":{"start":{"line":61,"column":0},"end":{"line":61,"column":101}},"61":{"start":{"line":62,"column":0},"end":{"line":62,"column":95}},"62":{"start":{"line":63,"column":0},"end":{"line":63,"column":101}},"63":{"start":{"line":64,"column":0},"end":{"line":64,"column":150}},"64":{"start":{"line":65,"column":0},"end":{"line":65,"column":39}},"65":{"start":{"line":66,"column":0},"end":{"line":66,"column":39}},"66":{"start":{"line":67,"column":0},"end":{"line":67,"column":41}},"67":{"start":{"line":68,"column":0},"end":{"line":68,"column":31}},"68":{"start":{"line":69,"column":0},"end":{"line":69,"column":30}},"69":{"start":{"line":70,"column":0},"end":{"line":70,"column":31}},"70":{"start":{"line":71,"column":0},"end":{"line":71,"column":66}},"71":{"start":{"line":72,"column":0},"end":{"line":72,"column":100}},"72":{"start":{"line":73,"column":0},"end":{"line":73,"column":36}},"73":{"start":{"line":74,"column":0},"end":{"line":74,"column":61}},"74":{"start":{"line":75,"column":0},"end":{"line":75,"column":72}},"75":{"start":{"line":76,"column":0},"end":{"line":76,"column":52}},"76":{"start":{"line":77,"column":0},"end":{"line":77,"column":52}},"77":{"start":{"line":78,"column":0},"end":{"line":78,"column":50}},"78":{"start":{"line":79,"column":0},"end":{"line":79,"column":59}},"79":{"start":{"line":80,"column":0},"end":{"line":80,"column":48}},"80":{"start":{"line":81,"column":0},"end":{"line":81,"column":63}},"81":{"start":{"line":82,"column":0},"end":{"line":82,"column":61}},"82":{"start":{"line":83,"column":0},"end":{"line":83,"column":63}},"83":{"start":{"line":84,"column":0},"end":{"line":84,"column":30}},"84":{"start":{"line":85,"column":0},"end":{"line":85,"column":105}},"85":{"start":{"line":86,"column":0},"end":{"line":86,"column":103}},"87":{"start":{"line":88,"column":0},"end":{"line":88,"column":62}},"88":{"start":{"line":89,"column":0},"end":{"line":89,"column":33}},"89":{"start":{"line":90,"column":0},"end":{"line":90,"column":26}},"90":{"start":{"line":91,"column":0},"end":{"line":91,"column":22}},"91":{"start":{"line":92,"column":0},"end":{"line":92,"column":21}},"92":{"start":{"line":93,"column":0},"end":{"line":93,"column":67}},"93":{"start":{"line":94,"column":0},"end":{"line":94,"column":15}},"95":{"start":{"line":96,"column":0},"end":{"line":96,"column":1}}},"s":{"0":0,"6":0,"8":0,"13":0,"14":0,"15":0,"17":0,"20":0,"21":0,"22":0,"23":0,"24":0,"25":0,"26":0,"27":0,"28":0,"29":0,"30":0,"31":0,"32":0,"33":0,"37":0,"38":0,"39":0,"40":0,"42":0,"43":0,"44":0,"45":0,"46":0,"47":0,"48":0,"50":0,"51":0,"52":0,"53":0,"54":0,"55":0,"56":0,"57":0,"58":0,"59":0,"60":0,"61":0,"62":0,"63":0,"64":0,"65":0,"66":0,"67":0,"68":0,"69":0,"70":0,"71":0,"72":0,"73":0,"74":0,"75":0,"76":0,"77":0,"78":0,"79":0,"80":0,"81":0,"82":0,"83":0,"84":0,"85":0,"87":0,"88":0,"89":0,"90":0,"91":0,"92":0,"93":0,"95":0},"branchMap":{"0":{"type":"branch","line":1,"loc":{"start":{"line":1,"column":5169},"end":{"line":96,"column":1}},"locations":[{"start":{"line":1,"column":5169},"end":{"line":96,"column":1}}]}},"b":{"0":[0]},"fnMap":{"0":{"name":"(empty-report)","decl":{"start":{"line":1,"column":5169},"end":{"line":96,"column":1}},"loc":{"start":{"line":1,"column":5169},"end":{"line":96,"column":1}},"line":1}},"f":{"0":0}}
,"/Users/toshinoriishibashi/Desktop/ULTRA/crypto-rfq-aggregator-hype/frontend/app/api/derive/_upstream.ts": {"path":"/Users/toshinoriishibashi/Desktop/ULTRA/crypto-rfq-aggregator-hype/frontend/app/api/derive/_upstream.ts","all":true,"statementMap":{"0":{"start":{"line":1,"column":0},"end":{"line":1,"column":43}},"2":{"start":{"line":3,"column":0},"end":{"line":3,"column":46}},"6":{"start":{"line":7,"column":0},"end":{"line":7,"column":70}},"8":{"start":{"line":9,"column":0},"end":{"line":9,"column":46}},"9":{"start":{"line":10,"column":0},"end":{"line":10,"column":35}},"10":{"start":{"line":11,"column":0},"end":{"line":11,"column":47}},"12":{"start":{"line":13,"column":0},"end":{"line":13,"column":41}},"13":{"start":{"line":14,"column":0},"end":{"line":14,"column":62}},"14":{"start":{"line":15,"column":0},"end":{"line":15,"column":1}},"21":{"start":{"line":22,"column":0},"end":{"line":22,"column":84}},"22":{"start":{"line":23,"column":0},"end":{"line":23,"column":22}},"23":{"start":{"line":24,"column":0},"end":{"line":24,"column":9}},"24":{"start":{"line":25,"column":0},"end":{"line":25,"column":51}},"25":{"start":{"line":26,"column":0},"end":{"line":26,"column":27}},"26":{"start":{"line":27,"column":0},"end":{"line":27,"column":60}},"27":{"start":{"line":28,"column":0},"end":{"line":28,"column":39}},"28":{"start":{"line":29,"column":0},"end":{"line":29,"column":11}},"29":{"start":{"line":30,"column":0},"end":{"line":30,"column":13}},"30":{"start":{"line":31,"column":0},"end":{"line":31,"column":85}},"31":{"start":{"line":32,"column":0},"end":{"line":32,"column":5}},"32":{"start":{"line":33,"column":0},"end":{"line":33,"column":18}},"33":{"start":{"line":34,"column":0},"end":{"line":34,"column":96}},"34":{"start":{"line":35,"column":0},"end":{"line":35,"column":5}},"35":{"start":{"line":36,"column":0},"end":{"line":36,"column":22}},"36":{"start":{"line":37,"column":0},"end":{"line":37,"column":9}},"37":{"start":{"line":38,"column":0},"end":{"line":38,"column":32}},"38":{"start":{"line":39,"column":0},"end":{"line":39,"column":13}},"39":{"start":{"line":40,"column":0},"end":{"line":40,"column":91}},"40":{"start":{"line":41,"column":0},"end":{"line":41,"column":5}},"44":{"start":{"line":45,"column":0},"end":{"line":45,"column":101}},"45":{"start":{"line":46,"column":0},"end":{"line":46,"column":56}},"46":{"start":{"line":47,"column":0},"end":{"line":47,"column":5}},"47":{"start":{"line":48,"column":0},"end":{"line":48,"column":83}},"48":{"start":{"line":49,"column":0},"end":{"line":49,"column":1}}},"s":{"0":0,"2":0,"6":0,"8":0,"9":0,"10":0,"12":0,"13":0,"14":0,"21":0,"22":0,"23":0,"24":0,"25":0,"26":0,"27":0,"28":0,"29":0,"30":0,"31":0,"32":0,"33":0,"34":0,"35":0,"36":0,"37":0,"38":0,"39":0,"40":0,"44":0,"45":0,"46":0,"47":0,"48":0},"branchMap":{"0":{"type":"branch","line":1,"loc":{"start":{"line":1,"column":1994},"end":{"line":49,"column":1}},"locations":[{"start":{"line":1,"column":1994},"end":{"line":49,"column":1}}]}},"b":{"0":[0]},"fnMap":{"0":{"name":"(empty-report)","decl":{"start":{"line":1,"column":1994},"end":{"line":49,"column":1}},"loc":{"start":{"line":1,"column":1994},"end":{"line":49,"column":1}},"line":1}},"f":{"0":0}}
,"/Users/toshinoriishibashi/Desktop/ULTRA/crypto-rfq-aggregator-hype/frontend/app/api/derive/instruments/route.ts": {"path":"/Users/toshinoriishibashi/Desktop/ULTRA/crypto-rfq-aggregator-hype/frontend/app/api/derive/instruments/route.ts","all":true,"statementMap":{"0":{"start":{"line":1,"column":0},"end":{"line":1,"column":72}},"2":{"start":{"line":3,"column":0},"end":{"line":3,"column":41}},"3":{"start":{"line":4,"column":0},"end":{"line":4,"column":73}},"4":{"start":{"line":5,"column":0},"end":{"line":5,"column":95}},"5":{"start":{"line":6,"column":0},"end":{"line":6,"column":55}},"6":{"start":{"line":7,"column":0},"end":{"line":7,"column":17}},"7":{"start":{"line":8,"column":0},"end":{"line":8,"column":34}},"8":{"start":{"line":9,"column":0},"end":{"line":9,"column":23}},"9":{"start":{"line":10,"column":0},"end":{"line":10,"column":7}},"10":{"start":{"line":11,"column":0},"end":{"line":11,"column":1}}},"s":{"0":0,"2":0,"3":0,"4":0,"5":0,"6":0,"7":0,"8":0,"9":0,"10":0},"branchMap":{"0":{"type":"branch","line":1,"loc":{"start":{"line":1,"column":0},"end":{"line":11,"column":-114}},"locations":[{"start":{"line":1,"column":0},"end":{"line":11,"column":-114}}]}},"b":{"0":[0]},"fnMap":{"0":{"name":"(empty-report)","decl":{"start":{"line":1,"column":0},"end":{"line":11,"column":-114}},"loc":{"start":{"line":1,"column":0},"end":{"line":11,"column":-114}},"line":1}},"f":{"0":0}}
,"/Users/toshinoriishibashi/Desktop/ULTRA/crypto-rfq-aggregator-hype/frontend/app/api/derive/ticker/route.ts": {"path":"/Users/toshinoriishibashi/Desktop/ULTRA/crypto-rfq-aggregator-hype/frontend/app/api/derive/ticker/route.ts","all":true,"statementMap":{"0":{"start":{"line":1,"column":0},"end":{"line":1,"column":68}},"2":{"start":{"line":3,"column":0},"end":{"line":3,"column":41}},"3":{"start":{"line":4,"column":0},"end":{"line":4,"column":76}},"4":{"start":{"line":5,"column":0},"end":{"line":5,"column":99}},"5":{"start":{"line":6,"column":0},"end":{"line":6,"column":76}},"6":{"start":{"line":7,"column":0},"end":{"line":7,"column":1}}},"s":{"0":0,"2":0,"3":0,"4":0,"5":0,"6":0},"branchMap":{"0":{"type":"branch","line":1,"loc":{"start":{"line":1,"column":0},"end":{"line":7,"column":-80}},"locations":[{"start":{"line":1,"column":0},"end":{"line":7,"column":-80}}]}},"b":{"0":[0]},"fnMap":{"0":{"name":"(empty-report)","decl":{"start":{"line":1,"column":0},"end":{"line":7,"column":-80}},"loc":{"start":{"line":1,"column":0},"end":{"line":7,"column":-80}},"line":1}},"f":{"0":0}}
,"/Users/toshinoriishibashi/Desktop/ULTRA/crypto-rfq-aggregator-hype/frontend/app/api/derive/tickers/route.ts": {"path":"/Users/toshinoriishibashi/Desktop/ULTRA/crypto-rfq-aggregator-hype/frontend/app/api/derive/tickers/route.ts","all":true,"statementMap":{"0":{"start":{"line":1,"column":0},"end":{"line":1,"column":83}},"2":{"start":{"line":3,"column":0},"end":{"line":3,"column":41}},"3":{"start":{"line":4,"column":0},"end":{"line":4,"column":49}},"4":{"start":{"line":5,"column":0},"end":{"line":5,"column":50}},"5":{"start":{"line":6,"column":0},"end":{"line":6,"column":51}},"6":{"start":{"line":7,"column":0},"end":{"line":7,"column":95}},"7":{"start":{"line":8,"column":0},"end":{"line":8,"column":83}},"8":{"start":{"line":9,"column":0},"end":{"line":9,"column":51}},"9":{"start":{"line":10,"column":0},"end":{"line":10,"column":17}},"10":{"start":{"line":11,"column":0},"end":{"line":11,"column":34}},"11":{"start":{"line":12,"column":0},"end":{"line":12,"column":28}},"12":{"start":{"line":13,"column":0},"end":{"line":13,"column":7}},"13":{"start":{"line":14,"column":0},"end":{"line":14,"column":1}}},"s":{"0":0,"2":0,"3":0,"4":0,"5":0,"6":0,"7":0,"8":0,"9":0,"10":0,"11":0,"12":0,"13":0},"branchMap":{"0":{"type":"branch","line":1,"loc":{"start":{"line":1,"column":0},"end":{"line":14,"column":-143}},"locations":[{"start":{"line":1,"column":0},"end":{"line":14,"column":-143}}]}},"b":{"0":[0]},"fnMap":{"0":{"name":"(empty-report)","decl":{"start":{"line":1,"column":0},"end":{"line":14,"column":-143}},"loc":{"start":{"line":1,"column":0},"end":{"line":14,"column":-143}},"line":1}},"f":{"0":0}}
,"/Users/toshinoriishibashi/Desktop/ULTRA/crypto-rfq-aggregator-hype/frontend/components/ControlBar.tsx": {"path":"/Users/toshinoriishibashi/Desktop/ULTRA/crypto-rfq-aggregator-hype/frontend/components/ControlBar.tsx","all":true,"statementMap":{"0":{"start":{"line":1,"column":0},"end":{"line":1,"column":13}},"22":{"start":{"line":23,"column":0},"end":{"line":23,"column":83}},"24":{"start":{"line":25,"column":0},"end":{"line":25,"column":59}},"25":{"start":{"line":26,"column":0},"end":{"line":26,"column":107}},"26":{"start":{"line":27,"column":0},"end":{"line":27,"column":39}},"27":{"start":{"line":28,"column":0},"end":{"line":28,"column":55}},"28":{"start":{"line":29,"column":0},"end":{"line":29,"column":49}},"29":{"start":{"line":30,"column":0},"end":{"line":30,"column":3}},"31":{"start":{"line":32,"column":0},"end":{"line":32,"column":52}},"32":{"start":{"line":33,"column":0},"end":{"line":33,"column":76}},"33":{"start":{"line":34,"column":0},"end":{"line":34,"column":63}},"34":{"start":{"line":35,"column":0},"end":{"line":35,"column":21}},"35":{"start":{"line":36,"column":0},"end":{"line":36,"column":12}},"36":{"start":{"line":37,"column":0},"end":{"line":37,"column":180}},"37":{"start":{"line":38,"column":0},"end":{"line":38,"column":80}},"38":{"start":{"line":39,"column":0},"end":{"line":39,"column":118}},"39":{"start":{"line":40,"column":0},"end":{"line":40,"column":18}},"41":{"start":{"line":42,"column":0},"end":{"line":42,"column":177}},"42":{"start":{"line":43,"column":0},"end":{"line":43,"column":104}},"43":{"start":{"line":44,"column":0},"end":{"line":44,"column":139}},"44":{"start":{"line":45,"column":0},"end":{"line":45,"column":44}},"45":{"start":{"line":46,"column":0},"end":{"line":46,"column":24}},"47":{"start":{"line":48,"column":0},"end":{"line":48,"column":83}},"48":{"start":{"line":49,"column":0},"end":{"line":49,"column":61}},"49":{"start":{"line":50,"column":0},"end":{"line":50,"column":131}},"50":{"start":{"line":51,"column":0},"end":{"line":51,"column":122}},"51":{"start":{"line":52,"column":0},"end":{"line":52,"column":116}},"52":{"start":{"line":53,"column":0},"end":{"line":53,"column":22}},"54":{"start":{"line":55,"column":0},"end":{"line":55,"column":83}},"55":{"start":{"line":56,"column":0},"end":{"line":56,"column":65}},"56":{"start":{"line":57,"column":0},"end":{"line":57,"column":135}},"57":{"start":{"line":58,"column":0},"end":{"line":58,"column":136}},"58":{"start":{"line":59,"column":0},"end":{"line":59,"column":114}},"59":{"start":{"line":60,"column":0},"end":{"line":60,"column":22}},"61":{"start":{"line":62,"column":0},"end":{"line":62,"column":194}},"62":{"start":{"line":63,"column":0},"end":{"line":63,"column":36}},"63":{"start":{"line":64,"column":0},"end":{"line":64,"column":165}},"64":{"start":{"line":65,"column":0},"end":{"line":65,"column":166}},"65":{"start":{"line":66,"column":0},"end":{"line":66,"column":166}},"66":{"start":{"line":67,"column":0},"end":{"line":67,"column":26}},"67":{"start":{"line":68,"column":0},"end":{"line":68,"column":22}},"69":{"start":{"line":70,"column":0},"end":{"line":70,"column":83}},"70":{"start":{"line":71,"column":0},"end":{"line":71,"column":70}},"71":{"start":{"line":72,"column":0},"end":{"line":72,"column":108}},"72":{"start":{"line":73,"column":0},"end":{"line":73,"column":68}},"73":{"start":{"line":74,"column":0},"end":{"line":74,"column":76}},"74":{"start":{"line":75,"column":0},"end":{"line":75,"column":296}},"75":{"start":{"line":76,"column":0},"end":{"line":76,"column":22}},"77":{"start":{"line":78,"column":0},"end":{"line":78,"column":149}},"78":{"start":{"line":79,"column":0},"end":{"line":79,"column":103}},"79":{"start":{"line":80,"column":0},"end":{"line":80,"column":46}},"80":{"start":{"line":81,"column":0},"end":{"line":81,"column":201}},"81":{"start":{"line":82,"column":0},"end":{"line":82,"column":22}},"82":{"start":{"line":83,"column":0},"end":{"line":83,"column":18}},"83":{"start":{"line":84,"column":0},"end":{"line":84,"column":14}},"85":{"start":{"line":86,"column":0},"end":{"line":86,"column":3}}},"s":{"0":0,"22":0,"24":0,"25":0,"26":0,"27":0,"28":0,"29":0,"31":0,"32":0,"33":0,"34":0,"35":0,"36":0,"37":0,"38":0,"39":0,"41":0,"42":0,"43":0,"44":0,"45":0,"47":0,"48":0,"49":0,"50":0,"51":0,"52":0,"54":0,"55":0,"56":0,"57":0,"58":0,"59":0,"61":0,"62":0,"63":0,"64":0,"65":0,"66":0,"67":0,"69":0,"70":0,"71":0,"72":0,"73":0,"74":0,"75":0,"77":0,"78":0,"79":0,"80":0,"81":0,"82":0,"83":0,"85":0},"branchMap":{"0":{"type":"branch","line":1,"loc":{"start":{"line":1,"column":0},"end":{"line":86,"column":-857}},"locations":[{"start":{"line":1,"column":0},"end":{"line":86,"column":-857}}]}},"b":{"0":[0]},"fnMap":{"0":{"name":"(empty-report)","decl":{"start":{"line":1,"column":0},"end":{"line":86,"column":-857}},"loc":{"start":{"line":1,"column":0},"end":{"line":86,"column":-857}},"line":1}},"f":{"0":0}}
,"/Users/toshinoriishibashi/Desktop/ULTRA/crypto-rfq-aggregator-hype/frontend/components/DeriveAssetYields.tsx": {"path":"/Users/toshinoriishibashi/Desktop/ULTRA/crypto-rfq-aggregator-hype/frontend/components/DeriveAssetYields.tsx","all":true,"statementMap":{"0":{"start":{"line":1,"column":0},"end":{"line":1,"column":13}},"20":{"start":{"line":21,"column":0},"end":{"line":21,"column":55}},"22":{"start":{"line":23,"column":0},"end":{"line":23,"column":107}},"23":{"start":{"line":24,"column":0},"end":{"line":24,"column":36}},"25":{"start":{"line":26,"column":0},"end":{"line":26,"column":68}},"26":{"start":{"line":27,"column":0},"end":{"line":27,"column":69}},"27":{"start":{"line":28,"column":0},"end":{"line":28,"column":95}},"28":{"start":{"line":29,"column":0},"end":{"line":29,"column":51}},"29":{"start":{"line":30,"column":0},"end":{"line":30,"column":46}},"30":{"start":{"line":31,"column":0},"end":{"line":31,"column":52}},"31":{"start":{"line":32,"column":0},"end":{"line":32,"column":78}},"32":{"start":{"line":33,"column":0},"end":{"line":33,"column":61}},"33":{"start":{"line":34,"column":0},"end":{"line":34,"column":50}},"34":{"start":{"line":35,"column":0},"end":{"line":35,"column":75}},"35":{"start":{"line":36,"column":0},"end":{"line":36,"column":64}},"37":{"start":{"line":38,"column":0},"end":{"line":38,"column":111}},"38":{"start":{"line":39,"column":0},"end":{"line":39,"column":65}},"41":{"start":{"line":42,"column":0},"end":{"line":42,"column":21}},"42":{"start":{"line":43,"column":0},"end":{"line":43,"column":13}},"43":{"start":{"line":44,"column":0},"end":{"line":44,"column":62}},"44":{"start":{"line":45,"column":0},"end":{"line":45,"column":22}},"45":{"start":{"line":46,"column":0},"end":{"line":46,"column":42}},"48":{"start":{"line":49,"column":0},"end":{"line":49,"column":115}},"49":{"start":{"line":50,"column":0},"end":{"line":50,"column":108}},"50":{"start":{"line":51,"column":0},"end":{"line":51,"column":77}},"51":{"start":{"line":52,"column":0},"end":{"line":52,"column":106}},"52":{"start":{"line":53,"column":0},"end":{"line":53,"column":90}},"53":{"start":{"line":54,"column":0},"end":{"line":54,"column":118}},"54":{"start":{"line":55,"column":0},"end":{"line":55,"column":13}},"55":{"start":{"line":56,"column":0},"end":{"line":56,"column":66}},"56":{"start":{"line":57,"column":0},"end":{"line":57,"column":32}},"57":{"start":{"line":58,"column":0},"end":{"line":58,"column":11}},"58":{"start":{"line":59,"column":0},"end":{"line":59,"column":21}},"59":{"start":{"line":60,"column":0},"end":{"line":60,"column":36}},"60":{"start":{"line":61,"column":0},"end":{"line":61,"column":147}},"61":{"start":{"line":62,"column":0},"end":{"line":62,"column":88}},"62":{"start":{"line":63,"column":0},"end":{"line":63,"column":21}},"63":{"start":{"line":64,"column":0},"end":{"line":64,"column":34}},"64":{"start":{"line":65,"column":0},"end":{"line":65,"column":26}},"65":{"start":{"line":66,"column":0},"end":{"line":66,"column":26}},"66":{"start":{"line":67,"column":0},"end":{"line":67,"column":27}},"67":{"start":{"line":68,"column":0},"end":{"line":68,"column":16}},"69":{"start":{"line":70,"column":0},"end":{"line":70,"column":49}},"70":{"start":{"line":71,"column":0},"end":{"line":71,"column":36}},"71":{"start":{"line":72,"column":0},"end":{"line":72,"column":36}},"72":{"start":{"line":73,"column":0},"end":{"line":73,"column":45}},"73":{"start":{"line":74,"column":0},"end":{"line":74,"column":31}},"74":{"start":{"line":75,"column":0},"end":{"line":75,"column":77}},"75":{"start":{"line":76,"column":0},"end":{"line":76,"column":69}},"76":{"start":{"line":77,"column":0},"end":{"line":77,"column":99}},"79":{"start":{"line":80,"column":0},"end":{"line":80,"column":70}},"80":{"start":{"line":81,"column":0},"end":{"line":81,"column":78}},"81":{"start":{"line":82,"column":0},"end":{"line":82,"column":79}},"82":{"start":{"line":83,"column":0},"end":{"line":83,"column":56}},"83":{"start":{"line":84,"column":0},"end":{"line":84,"column":40}},"84":{"start":{"line":85,"column":0},"end":{"line":85,"column":38}},"85":{"start":{"line":86,"column":0},"end":{"line":86,"column":68}},"86":{"start":{"line":87,"column":0},"end":{"line":87,"column":76}},"87":{"start":{"line":88,"column":0},"end":{"line":88,"column":66}},"88":{"start":{"line":89,"column":0},"end":{"line":89,"column":59}},"89":{"start":{"line":90,"column":0},"end":{"line":90,"column":20}},"90":{"start":{"line":91,"column":0},"end":{"line":91,"column":98}},"91":{"start":{"line":92,"column":0},"end":{"line":92,"column":86}},"92":{"start":{"line":93,"column":0},"end":{"line":93,"column":94}},"93":{"start":{"line":94,"column":0},"end":{"line":94,"column":103}},"94":{"start":{"line":95,"column":0},"end":{"line":95,"column":33}},"95":{"start":{"line":96,"column":0},"end":{"line":96,"column":15}},"96":{"start":{"line":97,"column":0},"end":{"line":97,"column":9}},"97":{"start":{"line":98,"column":0},"end":{"line":98,"column":40}},"98":{"start":{"line":99,"column":0},"end":{"line":99,"column":65}},"99":{"start":{"line":100,"column":0},"end":{"line":100,"column":81}},"103":{"start":{"line":104,"column":0},"end":{"line":104,"column":37}},"104":{"start":{"line":105,"column":0},"end":{"line":105,"column":64}},"105":{"start":{"line":106,"column":0},"end":{"line":106,"column":44}},"106":{"start":{"line":107,"column":0},"end":{"line":107,"column":6}},"108":{"start":{"line":109,"column":0},"end":{"line":109,"column":110}},"109":{"start":{"line":110,"column":0},"end":{"line":110,"column":67}},"110":{"start":{"line":111,"column":0},"end":{"line":111,"column":84}},"111":{"start":{"line":112,"column":0},"end":{"line":112,"column":70}},"112":{"start":{"line":113,"column":0},"end":{"line":113,"column":16}},"113":{"start":{"line":114,"column":0},"end":{"line":114,"column":88}},"114":{"start":{"line":115,"column":0},"end":{"line":115,"column":86}},"115":{"start":{"line":116,"column":0},"end":{"line":116,"column":10}},"116":{"start":{"line":117,"column":0},"end":{"line":117,"column":82}},"118":{"start":{"line":119,"column":0},"end":{"line":119,"column":43}},"119":{"start":{"line":120,"column":0},"end":{"line":120,"column":36}},"120":{"start":{"line":121,"column":0},"end":{"line":121,"column":40}},"122":{"start":{"line":123,"column":0},"end":{"line":123,"column":77}},"123":{"start":{"line":124,"column":0},"end":{"line":124,"column":116}},"124":{"start":{"line":125,"column":0},"end":{"line":125,"column":13}},"125":{"start":{"line":126,"column":0},"end":{"line":126,"column":11}},"126":{"start":{"line":127,"column":0},"end":{"line":127,"column":17}},"127":{"start":{"line":128,"column":0},"end":{"line":128,"column":26}},"129":{"start":{"line":130,"column":0},"end":{"line":130,"column":56}},"130":{"start":{"line":131,"column":0},"end":{"line":131,"column":145}},"131":{"start":{"line":132,"column":0},"end":{"line":132,"column":57}},"132":{"start":{"line":133,"column":0},"end":{"line":133,"column":78}},"133":{"start":{"line":134,"column":0},"end":{"line":134,"column":121}},"135":{"start":{"line":136,"column":0},"end":{"line":136,"column":40}},"136":{"start":{"line":137,"column":0},"end":{"line":137,"column":68}},"137":{"start":{"line":138,"column":0},"end":{"line":138,"column":57}},"138":{"start":{"line":139,"column":0},"end":{"line":139,"column":60}},"139":{"start":{"line":140,"column":0},"end":{"line":140,"column":141}},"141":{"start":{"line":142,"column":0},"end":{"line":142,"column":37}},"142":{"start":{"line":143,"column":0},"end":{"line":143,"column":37}},"143":{"start":{"line":144,"column":0},"end":{"line":144,"column":51}},"144":{"start":{"line":145,"column":0},"end":{"line":145,"column":32}},"145":{"start":{"line":146,"column":0},"end":{"line":146,"column":99}},"146":{"start":{"line":147,"column":0},"end":{"line":147,"column":78}},"147":{"start":{"line":148,"column":0},"end":{"line":148,"column":79}},"148":{"start":{"line":149,"column":0},"end":{"line":149,"column":56}},"149":{"start":{"line":150,"column":0},"end":{"line":150,"column":40}},"150":{"start":{"line":151,"column":0},"end":{"line":151,"column":72}},"151":{"start":{"line":152,"column":0},"end":{"line":152,"column":58}},"152":{"start":{"line":153,"column":0},"end":{"line":153,"column":41}},"153":{"start":{"line":154,"column":0},"end":{"line":154,"column":35}},"154":{"start":{"line":155,"column":0},"end":{"line":155,"column":72}},"155":{"start":{"line":156,"column":0},"end":{"line":156,"column":80}},"156":{"start":{"line":157,"column":0},"end":{"line":157,"column":79}},"157":{"start":{"line":158,"column":0},"end":{"line":158,"column":84}},"158":{"start":{"line":159,"column":0},"end":{"line":159,"column":63}},"159":{"start":{"line":160,"column":0},"end":{"line":160,"column":14}},"160":{"start":{"line":161,"column":0},"end":{"line":161,"column":11}},"161":{"start":{"line":162,"column":0},"end":{"line":162,"column":120}},"162":{"start":{"line":163,"column":0},"end":{"line":163,"column":48}},"164":{"start":{"line":165,"column":0},"end":{"line":165,"column":80}},"165":{"start":{"line":166,"column":0},"end":{"line":166,"column":80}},"166":{"start":{"line":167,"column":0},"end":{"line":167,"column":74}},"167":{"start":{"line":168,"column":0},"end":{"line":168,"column":28}},"168":{"start":{"line":169,"column":0},"end":{"line":169,"column":31}},"169":{"start":{"line":170,"column":0},"end":{"line":170,"column":56}},"170":{"start":{"line":171,"column":0},"end":{"line":171,"column":21}},"171":{"start":{"line":172,"column":0},"end":{"line":172,"column":11}},"172":{"start":{"line":173,"column":0},"end":{"line":173,"column":26}},"173":{"start":{"line":174,"column":0},"end":{"line":174,"column":11}},"174":{"start":{"line":175,"column":0},"end":{"line":175,"column":56}},"175":{"start":{"line":176,"column":0},"end":{"line":176,"column":112}},"176":{"start":{"line":177,"column":0},"end":{"line":177,"column":11}},"177":{"start":{"line":178,"column":0},"end":{"line":178,"column":87}},"178":{"start":{"line":179,"column":0},"end":{"line":179,"column":71}},"179":{"start":{"line":180,"column":0},"end":{"line":180,"column":68}},"180":{"start":{"line":181,"column":0},"end":{"line":181,"column":72}},"181":{"start":{"line":182,"column":0},"end":{"line":182,"column":69}},"182":{"start":{"line":183,"column":0},"end":{"line":183,"column":119}},"186":{"start":{"line":187,"column":0},"end":{"line":187,"column":21}},"187":{"start":{"line":188,"column":0},"end":{"line":188,"column":45}},"188":{"start":{"line":189,"column":0},"end":{"line":189,"column":43}},"189":{"start":{"line":190,"column":0},"end":{"line":190,"column":65}},"190":{"start":{"line":191,"column":0},"end":{"line":191,"column":31}},"191":{"start":{"line":192,"column":0},"end":{"line":192,"column":30}},"192":{"start":{"line":193,"column":0},"end":{"line":193,"column":10}},"193":{"start":{"line":194,"column":0},"end":{"line":194,"column":50}},"194":{"start":{"line":195,"column":0},"end":{"line":195,"column":66}},"195":{"start":{"line":196,"column":0},"end":{"line":196,"column":11}},"197":{"start":{"line":198,"column":0},"end":{"line":198,"column":62}},"199":{"start":{"line":200,"column":0},"end":{"line":200,"column":12}},"200":{"start":{"line":201,"column":0},"end":{"line":201,"column":130}},"201":{"start":{"line":202,"column":0},"end":{"line":202,"column":23}},"202":{"start":{"line":203,"column":0},"end":{"line":203,"column":83}},"203":{"start":{"line":204,"column":0},"end":{"line":204,"column":55}},"204":{"start":{"line":205,"column":0},"end":{"line":205,"column":53}},"205":{"start":{"line":206,"column":0},"end":{"line":206,"column":87}},"206":{"start":{"line":207,"column":0},"end":{"line":207,"column":63}},"207":{"start":{"line":208,"column":0},"end":{"line":208,"column":14}},"209":{"start":{"line":210,"column":0},"end":{"line":210,"column":31}},"210":{"start":{"line":211,"column":0},"end":{"line":211,"column":217}},"211":{"start":{"line":212,"column":0},"end":{"line":212,"column":102}},"212":{"start":{"line":213,"column":0},"end":{"line":213,"column":230}},"213":{"start":{"line":214,"column":0},"end":{"line":214,"column":22}},"216":{"start":{"line":217,"column":0},"end":{"line":217,"column":26}},"217":{"start":{"line":218,"column":0},"end":{"line":218,"column":81}},"218":{"start":{"line":219,"column":0},"end":{"line":219,"column":81}},"219":{"start":{"line":220,"column":0},"end":{"line":220,"column":71}},"220":{"start":{"line":221,"column":0},"end":{"line":221,"column":97}},"221":{"start":{"line":222,"column":0},"end":{"line":222,"column":14}},"223":{"start":{"line":224,"column":0},"end":{"line":224,"column":24}},"224":{"start":{"line":225,"column":0},"end":{"line":225,"column":67}},"225":{"start":{"line":226,"column":0},"end":{"line":226,"column":97}},"226":{"start":{"line":227,"column":0},"end":{"line":227,"column":91}},"227":{"start":{"line":228,"column":0},"end":{"line":228,"column":106}},"228":{"start":{"line":229,"column":0},"end":{"line":229,"column":79}},"229":{"start":{"line":230,"column":0},"end":{"line":230,"column":59}},"230":{"start":{"line":231,"column":0},"end":{"line":231,"column":14}},"232":{"start":{"line":233,"column":0},"end":{"line":233,"column":141}},"234":{"start":{"line":235,"column":0},"end":{"line":235,"column":18}},"239":{"start":{"line":240,"column":0},"end":{"line":240,"column":59}},"240":{"start":{"line":241,"column":0},"end":{"line":241,"column":35}},"241":{"start":{"line":242,"column":0},"end":{"line":242,"column":36}},"242":{"start":{"line":243,"column":0},"end":{"line":243,"column":65}},"243":{"start":{"line":244,"column":0},"end":{"line":244,"column":24}},"244":{"start":{"line":245,"column":0},"end":{"line":245,"column":28}},"245":{"start":{"line":246,"column":0},"end":{"line":246,"column":31}},"246":{"start":{"line":247,"column":0},"end":{"line":247,"column":151}},"247":{"start":{"line":248,"column":0},"end":{"line":248,"column":60}},"248":{"start":{"line":249,"column":0},"end":{"line":249,"column":114}},"249":{"start":{"line":250,"column":0},"end":{"line":250,"column":22}},"251":{"start":{"line":252,"column":0},"end":{"line":252,"column":15}},"252":{"start":{"line":253,"column":0},"end":{"line":253,"column":124}},"253":{"start":{"line":254,"column":0},"end":{"line":254,"column":133}},"255":{"start":{"line":256,"column":0},"end":{"line":256,"column":58}},"256":{"start":{"line":257,"column":0},"end":{"line":257,"column":14}},"258":{"start":{"line":259,"column":0},"end":{"line":259,"column":1}}},"s":{"0":0,"20":0,"22":0,"23":0,"25":0,"26":0,"27":0,"28":0,"29":0,"30":0,"31":0,"32":0,"33":0,"34":0,"35":0,"37":0,"38":0,"41":0,"42":0,"43":0,"44":0,"45":0,"48":0,"49":0,"50":0,"51":0,"52":0,"53":0,"54":0,"55":0,"56":0,"57":0,"58":0,"59":0,"60":0,"61":0,"62":0,"63":0,"64":0,"65":0,"66":0,"67":0,"69":0,"70":0,"71":0,"72":0,"73":0,"74":0,"75":0,"76":0,"79":0,"80":0,"81":0,"82":0,"83":0,"84":0,"85":0,"86":0,"87":0,"88":0,"89":0,"90":0,"91":0,"92":0,"93":0,"94":0,"95":0,"96":0,"97":0,"98":0,"99":0,"103":0,"104":0,"105":0,"106":0,"108":0,"109":0,"110":0,"111":0,"112":0,"113":0,"114":0,"115":0,"116":0,"118":0,"119":0,"120":0,"122":0,"123":0,"124":0,"125":0,"126":0,"127":0,"129":0,"130":0,"131":0,"132":0,"133":0,"135":0,"136":0,"137":0,"138":0,"139":0,"141":0,"142":0,"143":0,"144":0,"145":0,"146":0,"147":0,"148":0,"149":0,"150":0,"151":0,"152":0,"153":0,"154":0,"155":0,"156":0,"157":0,"158":0,"159":0,"160":0,"161":0,"162":0,"164":0,"165":0,"166":0,"167":0,"168":0,"169":0,"170":0,"171":0,"172":0,"173":0,"174":0,"175":0,"176":0,"177":0,"178":0,"179":0,"180":0,"181":0,"182":0,"186":0,"187":0,"188":0,"189":0,"190":0,"191":0,"192":0,"193":0,"194":0,"195":0,"197":0,"199":0,"200":0,"201":0,"202":0,"203":0,"204":0,"205":0,"206":0,"207":0,"209":0,"210":0,"211":0,"212":0,"213":0,"216":0,"217":0,"218":0,"219":0,"220":0,"221":0,"223":0,"224":0,"225":0,"226":0,"227":0,"228":0,"229":0,"230":0,"232":0,"234":0,"239":0,"240":0,"241":0,"242":0,"243":0,"244":0,"245":0,"246":0,"247":0,"248":0,"249":0,"251":0,"252":0,"253":0,"255":0,"256":0,"258":0},"branchMap":{"0":{"type":"branch","line":1,"loc":{"start":{"line":1,"column":14686},"end":{"line":259,"column":1}},"locations":[{"start":{"line":1,"column":14686},"end":{"line":259,"column":1}}]}},"b":{"0":[0]},"fnMap":{"0":{"name":"(empty-report)","decl":{"start":{"line":1,"column":14686},"end":{"line":259,"column":1}},"loc":{"start":{"line":1,"column":14686},"end":{"line":259,"column":1}},"line":1}},"f":{"0":0}}
,"/Users/toshinoriishibashi/Desktop/ULTRA/crypto-rfq-aggregator-hype/frontend/components/MatrixCell.tsx": {"path":"/Users/toshinoriishibashi/Desktop/ULTRA/crypto-rfq-aggregator-hype/frontend/components/MatrixCell.tsx","all":true,"statementMap":{"0":{"start":{"line":1,"column":0},"end":{"line":1,"column":13}},"26":{"start":{"line":27,"column":0},"end":{"line":27,"column":52}},"27":{"start":{"line":28,"column":0},"end":{"line":28,"column":76}},"28":{"start":{"line":29,"column":0},"end":{"line":29,"column":69}},"29":{"start":{"line":30,"column":0},"end":{"line":30,"column":21}},"30":{"start":{"line":31,"column":0},"end":{"line":31,"column":13}},"31":{"start":{"line":32,"column":0},"end":{"line":32,"column":160}},"32":{"start":{"line":33,"column":0},"end":{"line":33,"column":5}},"34":{"start":{"line":35,"column":0},"end":{"line":35,"column":25}},"35":{"start":{"line":36,"column":0},"end":{"line":36,"column":112}},"40":{"start":{"line":41,"column":0},"end":{"line":41,"column":43}},"41":{"start":{"line":42,"column":0},"end":{"line":42,"column":24}},"42":{"start":{"line":43,"column":0},"end":{"line":43,"column":24}},"43":{"start":{"line":44,"column":0},"end":{"line":44,"column":35}},"44":{"start":{"line":45,"column":0},"end":{"line":45,"column":142}},"45":{"start":{"line":46,"column":0},"end":{"line":46,"column":146}},"46":{"start":{"line":47,"column":0},"end":{"line":47,"column":5}},"48":{"start":{"line":49,"column":0},"end":{"line":49,"column":48}},"49":{"start":{"line":50,"column":0},"end":{"line":50,"column":52}},"50":{"start":{"line":51,"column":0},"end":{"line":51,"column":192}},"55":{"start":{"line":56,"column":0},"end":{"line":56,"column":12}},"56":{"start":{"line":57,"column":0},"end":{"line":57,"column":65}},"57":{"start":{"line":58,"column":0},"end":{"line":58,"column":31}},"58":{"start":{"line":59,"column":0},"end":{"line":59,"column":57}},"59":{"start":{"line":60,"column":0},"end":{"line":60,"column":39}},"60":{"start":{"line":61,"column":0},"end":{"line":61,"column":70}},"61":{"start":{"line":62,"column":0},"end":{"line":62,"column":51}},"62":{"start":{"line":63,"column":0},"end":{"line":63,"column":17}},"63":{"start":{"line":64,"column":0},"end":{"line":64,"column":14}},"64":{"start":{"line":65,"column":0},"end":{"line":65,"column":95}},"65":{"start":{"line":66,"column":0},"end":{"line":66,"column":54}},"66":{"start":{"line":67,"column":0},"end":{"line":67,"column":24}},"67":{"start":{"line":68,"column":0},"end":{"line":68,"column":25}},"68":{"start":{"line":69,"column":0},"end":{"line":69,"column":30}},"69":{"start":{"line":70,"column":0},"end":{"line":70,"column":30}},"70":{"start":{"line":71,"column":0},"end":{"line":71,"column":20}},"71":{"start":{"line":72,"column":0},"end":{"line":72,"column":36}},"72":{"start":{"line":73,"column":0},"end":{"line":73,"column":155}},"73":{"start":{"line":74,"column":0},"end":{"line":74,"column":67}},"74":{"start":{"line":75,"column":0},"end":{"line":75,"column":93}},"75":{"start":{"line":76,"column":0},"end":{"line":76,"column":62}},"76":{"start":{"line":77,"column":0},"end":{"line":77,"column":82}},"77":{"start":{"line":78,"column":0},"end":{"line":78,"column":30}},"78":{"start":{"line":79,"column":0},"end":{"line":79,"column":53}},"79":{"start":{"line":80,"column":0},"end":{"line":80,"column":110}},"80":{"start":{"line":81,"column":0},"end":{"line":81,"column":31}},"81":{"start":{"line":82,"column":0},"end":{"line":82,"column":15}},"82":{"start":{"line":83,"column":0},"end":{"line":83,"column":134}},"83":{"start":{"line":84,"column":0},"end":{"line":84,"column":126}},"84":{"start":{"line":85,"column":0},"end":{"line":85,"column":81}},"85":{"start":{"line":86,"column":0},"end":{"line":86,"column":112}},"86":{"start":{"line":87,"column":0},"end":{"line":87,"column":22}},"87":{"start":{"line":88,"column":0},"end":{"line":88,"column":29}},"88":{"start":{"line":89,"column":0},"end":{"line":89,"column":114}},"89":{"start":{"line":90,"column":0},"end":{"line":90,"column":38}},"92":{"start":{"line":93,"column":0},"end":{"line":93,"column":64}},"93":{"start":{"line":94,"column":0},"end":{"line":94,"column":73}},"94":{"start":{"line":95,"column":0},"end":{"line":95,"column":128}},"95":{"start":{"line":96,"column":0},"end":{"line":96,"column":19}},"96":{"start":{"line":97,"column":0},"end":{"line":97,"column":101}},"97":{"start":{"line":98,"column":0},"end":{"line":98,"column":55}},"98":{"start":{"line":99,"column":0},"end":{"line":99,"column":22}},"99":{"start":{"line":100,"column":0},"end":{"line":100,"column":18}},"100":{"start":{"line":101,"column":0},"end":{"line":101,"column":13}},"102":{"start":{"line":103,"column":0},"end":{"line":103,"column":3}}},"s":{"0":0,"26":0,"27":0,"28":0,"29":0,"30":0,"31":0,"32":0,"34":0,"35":0,"40":0,"41":0,"42":0,"43":0,"44":0,"45":0,"46":0,"48":0,"49":0,"50":0,"55":0,"56":0,"57":0,"58":0,"59":0,"60":0,"61":0,"62":0,"63":0,"64":0,"65":0,"66":0,"67":0,"68":0,"69":0,"70":0,"71":0,"72":0,"73":0,"74":0,"75":0,"76":0,"77":0,"78":0,"79":0,"80":0,"81":0,"82":0,"83":0,"84":0,"85":0,"86":0,"87":0,"88":0,"89":0,"92":0,"93":0,"94":0,"95":0,"96":0,"97":0,"98":0,"99":0,"100":0,"102":0},"branchMap":{"0":{"type":"branch","line":1,"loc":{"start":{"line":1,"column":5182},"end":{"line":103,"column":3}},"locations":[{"start":{"line":1,"column":5182},"end":{"line":103,"column":3}}]}},"b":{"0":[0]},"fnMap":{"0":{"name":"(empty-report)","decl":{"start":{"line":1,"column":5182},"end":{"line":103,"column":3}},"loc":{"start":{"line":1,"column":5182},"end":{"line":103,"column":3}},"line":1}},"f":{"0":0}}
,"/Users/toshinoriishibashi/Desktop/ULTRA/crypto-rfq-aggregator-hype/frontend/components/StrategyPanel.tsx": {"path":"/Users/toshinoriishibashi/Desktop/ULTRA/crypto-rfq-aggregator-hype/frontend/components/StrategyPanel.tsx","all":true,"statementMap":{"0":{"start":{"line":1,"column":0},"end":{"line":1,"column":13}},"13":{"start":{"line":14,"column":0},"end":{"line":14,"column":53}},"14":{"start":{"line":15,"column":0},"end":{"line":15,"column":48}},"15":{"start":{"line":16,"column":0},"end":{"line":16,"column":58}},"16":{"start":{"line":17,"column":0},"end":{"line":17,"column":59}},"17":{"start":{"line":18,"column":0},"end":{"line":18,"column":36}},"18":{"start":{"line":19,"column":0},"end":{"line":19,"column":13}},"19":{"start":{"line":20,"column":0},"end":{"line":20,"column":49}},"20":{"start":{"line":21,"column":0},"end":{"line":21,"column":28}},"21":{"start":{"line":22,"column":0},"end":{"line":22,"column":40}},"22":{"start":{"line":23,"column":0},"end":{"line":23,"column":69}},"23":{"start":{"line":24,"column":0},"end":{"line":24,"column":51}},"24":{"start":{"line":25,"column":0},"end":{"line":25,"column":15}},"25":{"start":{"line":26,"column":0},"end":{"line":26,"column":12}},"26":{"start":{"line":27,"column":0},"end":{"line":27,"column":128}},"27":{"start":{"line":28,"column":0},"end":{"line":28,"column":201}},"28":{"start":{"line":29,"column":0},"end":{"line":29,"column":44}},"29":{"start":{"line":30,"column":0},"end":{"line":30,"column":17}},"31":{"start":{"line":32,"column":0},"end":{"line":32,"column":1}},"33":{"start":{"line":34,"column":0},"end":{"line":34,"column":109}},"35":{"start":{"line":36,"column":0},"end":{"line":36,"column":111}},"45":{"start":{"line":46,"column":0},"end":{"line":46,"column":4}},"46":{"start":{"line":47,"column":0},"end":{"line":47,"column":36}},"47":{"start":{"line":48,"column":0},"end":{"line":48,"column":61}},"48":{"start":{"line":49,"column":0},"end":{"line":49,"column":43}},"49":{"start":{"line":50,"column":0},"end":{"line":50,"column":35}},"50":{"start":{"line":51,"column":0},"end":{"line":51,"column":210}},"52":{"start":{"line":53,"column":0},"end":{"line":53,"column":18}},"53":{"start":{"line":54,"column":0},"end":{"line":54,"column":246}},"54":{"start":{"line":55,"column":0},"end":{"line":55,"column":5}},"56":{"start":{"line":57,"column":0},"end":{"line":57,"column":26}},"57":{"start":{"line":58,"column":0},"end":{"line":58,"column":165}},"58":{"start":{"line":59,"column":0},"end":{"line":59,"column":37}},"59":{"start":{"line":60,"column":0},"end":{"line":60,"column":76}},"60":{"start":{"line":61,"column":0},"end":{"line":61,"column":99}},"61":{"start":{"line":62,"column":0},"end":{"line":62,"column":111}},"62":{"start":{"line":63,"column":0},"end":{"line":63,"column":75}},"63":{"start":{"line":64,"column":0},"end":{"line":64,"column":69}},"64":{"start":{"line":65,"column":0},"end":{"line":65,"column":61}},"65":{"start":{"line":66,"column":0},"end":{"line":66,"column":97}},"66":{"start":{"line":67,"column":0},"end":{"line":67,"column":24}},"71":{"start":{"line":72,"column":0},"end":{"line":72,"column":112}},"72":{"start":{"line":73,"column":0},"end":{"line":73,"column":51}},"73":{"start":{"line":74,"column":0},"end":{"line":74,"column":72}},"74":{"start":{"line":75,"column":0},"end":{"line":75,"column":82}},"75":{"start":{"line":76,"column":0},"end":{"line":76,"column":10}},"76":{"start":{"line":77,"column":0},"end":{"line":77,"column":48}},"77":{"start":{"line":78,"column":0},"end":{"line":78,"column":52}},"78":{"start":{"line":79,"column":0},"end":{"line":79,"column":49}},"79":{"start":{"line":80,"column":0},"end":{"line":80,"column":49}},"80":{"start":{"line":81,"column":0},"end":{"line":81,"column":39}},"81":{"start":{"line":82,"column":0},"end":{"line":82,"column":233}},"82":{"start":{"line":83,"column":0},"end":{"line":83,"column":222}},"84":{"start":{"line":85,"column":0},"end":{"line":85,"column":12}},"85":{"start":{"line":86,"column":0},"end":{"line":86,"column":171}},"86":{"start":{"line":87,"column":0},"end":{"line":87,"column":120}},"87":{"start":{"line":88,"column":0},"end":{"line":88,"column":21}},"88":{"start":{"line":89,"column":0},"end":{"line":89,"column":87}},"89":{"start":{"line":90,"column":0},"end":{"line":90,"column":176}},"90":{"start":{"line":91,"column":0},"end":{"line":91,"column":234}},"91":{"start":{"line":92,"column":0},"end":{"line":92,"column":42}},"92":{"start":{"line":93,"column":0},"end":{"line":93,"column":38}},"93":{"start":{"line":94,"column":0},"end":{"line":94,"column":55}},"94":{"start":{"line":95,"column":0},"end":{"line":95,"column":58}},"95":{"start":{"line":96,"column":0},"end":{"line":96,"column":122}},"96":{"start":{"line":97,"column":0},"end":{"line":97,"column":169}},"97":{"start":{"line":98,"column":0},"end":{"line":98,"column":48}},"98":{"start":{"line":99,"column":0},"end":{"line":99,"column":57}},"99":{"start":{"line":100,"column":0},"end":{"line":100,"column":30}},"101":{"start":{"line":102,"column":0},"end":{"line":102,"column":26}},"102":{"start":{"line":103,"column":0},"end":{"line":103,"column":197}},"103":{"start":{"line":104,"column":0},"end":{"line":104,"column":22}},"104":{"start":{"line":105,"column":0},"end":{"line":105,"column":52}},"105":{"start":{"line":106,"column":0},"end":{"line":106,"column":153}},"106":{"start":{"line":107,"column":0},"end":{"line":107,"column":140}},"107":{"start":{"line":108,"column":0},"end":{"line":108,"column":22}},"108":{"start":{"line":109,"column":0},"end":{"line":109,"column":18}},"109":{"start":{"line":110,"column":0},"end":{"line":110,"column":113}},"110":{"start":{"line":111,"column":0},"end":{"line":111,"column":62}},"111":{"start":{"line":112,"column":0},"end":{"line":112,"column":231}},"112":{"start":{"line":113,"column":0},"end":{"line":113,"column":92}},"113":{"start":{"line":114,"column":0},"end":{"line":114,"column":223}},"114":{"start":{"line":115,"column":0},"end":{"line":115,"column":68}},"115":{"start":{"line":116,"column":0},"end":{"line":116,"column":31}},"116":{"start":{"line":117,"column":0},"end":{"line":117,"column":202}},"117":{"start":{"line":118,"column":0},"end":{"line":118,"column":26}},"118":{"start":{"line":119,"column":0},"end":{"line":119,"column":19}},"119":{"start":{"line":120,"column":0},"end":{"line":120,"column":18}},"122":{"start":{"line":123,"column":0},"end":{"line":123,"column":234}},"123":{"start":{"line":124,"column":0},"end":{"line":124,"column":97}},"124":{"start":{"line":125,"column":0},"end":{"line":125,"column":339}},"125":{"start":{"line":126,"column":0},"end":{"line":126,"column":291}},"126":{"start":{"line":127,"column":0},"end":{"line":127,"column":325}},"127":{"start":{"line":128,"column":0},"end":{"line":128,"column":205}},"128":{"start":{"line":129,"column":0},"end":{"line":129,"column":18}},"130":{"start":{"line":131,"column":0},"end":{"line":131,"column":202}},"131":{"start":{"line":132,"column":0},"end":{"line":132,"column":25}},"132":{"start":{"line":133,"column":0},"end":{"line":133,"column":114}},"133":{"start":{"line":134,"column":0},"end":{"line":134,"column":90}},"134":{"start":{"line":135,"column":0},"end":{"line":135,"column":63}},"135":{"start":{"line":136,"column":0},"end":{"line":136,"column":95}},"136":{"start":{"line":137,"column":0},"end":{"line":137,"column":75}},"138":{"start":{"line":139,"column":0},"end":{"line":139,"column":676}},"139":{"start":{"line":140,"column":0},"end":{"line":140,"column":35}},"140":{"start":{"line":141,"column":0},"end":{"line":141,"column":316}},"142":{"start":{"line":143,"column":0},"end":{"line":143,"column":168}},"144":{"start":{"line":145,"column":0},"end":{"line":145,"column":24}},"145":{"start":{"line":146,"column":0},"end":{"line":146,"column":21}},"146":{"start":{"line":147,"column":0},"end":{"line":147,"column":22}},"147":{"start":{"line":148,"column":0},"end":{"line":148,"column":1495}},"148":{"start":{"line":149,"column":0},"end":{"line":149,"column":22}},"149":{"start":{"line":150,"column":0},"end":{"line":150,"column":752}},"150":{"start":{"line":151,"column":0},"end":{"line":151,"column":22}},"151":{"start":{"line":152,"column":0},"end":{"line":152,"column":291}},"152":{"start":{"line":153,"column":0},"end":{"line":153,"column":18}},"153":{"start":{"line":154,"column":0},"end":{"line":154,"column":14}},"155":{"start":{"line":156,"column":0},"end":{"line":156,"column":1}},"174":{"start":{"line":175,"column":0},"end":{"line":175,"column":58}},"175":{"start":{"line":176,"column":0},"end":{"line":176,"column":94}},"176":{"start":{"line":177,"column":0},"end":{"line":177,"column":44}},"177":{"start":{"line":178,"column":0},"end":{"line":178,"column":24}},"178":{"start":{"line":179,"column":0},"end":{"line":179,"column":12}},"179":{"start":{"line":180,"column":0},"end":{"line":180,"column":82}},"180":{"start":{"line":181,"column":0},"end":{"line":181,"column":151}},"181":{"start":{"line":182,"column":0},"end":{"line":182,"column":102}},"182":{"start":{"line":183,"column":0},"end":{"line":183,"column":133}},"183":{"start":{"line":184,"column":0},"end":{"line":184,"column":153}},"184":{"start":{"line":185,"column":0},"end":{"line":185,"column":27}},"185":{"start":{"line":186,"column":0},"end":{"line":186,"column":199}},"186":{"start":{"line":187,"column":0},"end":{"line":187,"column":303}},"187":{"start":{"line":188,"column":0},"end":{"line":188,"column":403}},"188":{"start":{"line":189,"column":0},"end":{"line":189,"column":413}},"189":{"start":{"line":190,"column":0},"end":{"line":190,"column":26}},"190":{"start":{"line":191,"column":0},"end":{"line":191,"column":138}},"191":{"start":{"line":192,"column":0},"end":{"line":192,"column":150}},"192":{"start":{"line":193,"column":0},"end":{"line":193,"column":22}},"193":{"start":{"line":194,"column":0},"end":{"line":194,"column":101}},"194":{"start":{"line":195,"column":0},"end":{"line":195,"column":108}},"195":{"start":{"line":196,"column":0},"end":{"line":196,"column":83}},"196":{"start":{"line":197,"column":0},"end":{"line":197,"column":40}},"197":{"start":{"line":198,"column":0},"end":{"line":198,"column":127}},"198":{"start":{"line":199,"column":0},"end":{"line":199,"column":361}},"199":{"start":{"line":200,"column":0},"end":{"line":200,"column":41}},"200":{"start":{"line":201,"column":0},"end":{"line":201,"column":37}},"201":{"start":{"line":202,"column":0},"end":{"line":202,"column":27}},"202":{"start":{"line":203,"column":0},"end":{"line":203,"column":26}},"203":{"start":{"line":204,"column":0},"end":{"line":204,"column":22}},"204":{"start":{"line":205,"column":0},"end":{"line":205,"column":18}},"205":{"start":{"line":206,"column":0},"end":{"line":206,"column":60}},"206":{"start":{"line":207,"column":0},"end":{"line":207,"column":189}},"207":{"start":{"line":208,"column":0},"end":{"line":208,"column":196}},"208":{"start":{"line":209,"column":0},"end":{"line":209,"column":18}},"209":{"start":{"line":210,"column":0},"end":{"line":210,"column":14}},"211":{"start":{"line":212,"column":0},"end":{"line":212,"column":3}}},"s":{"0":0,"13":0,"14":0,"15":0,"16":0,"17":0,"18":0,"19":0,"20":0,"21":0,"22":0,"23":0,"24":0,"25":0,"26":0,"27":0,"28":0,"29":0,"31":0,"33":0,"35":0,"45":0,"46":0,"47":0,"48":0,"49":0,"50":0,"52":0,"53":0,"54":0,"56":0,"57":0,"58":0,"59":0,"60":0,"61":0,"62":0,"63":0,"64":0,"65":0,"66":0,"71":0,"72":0,"73":0,"74":0,"75":0,"76":0,"77":0,"78":0,"79":0,"80":0,"81":0,"82":0,"84":0,"85":0,"86":0,"87":0,"88":0,"89":0,"90":0,"91":0,"92":0,"93":0,"94":0,"95":0,"96":0,"97":0,"98":0,"99":0,"101":0,"102":0,"103":0,"104":0,"105":0,"106":0,"107":0,"108":0,"109":0,"110":0,"111":0,"112":0,"113":0,"114":0,"115":0,"116":0,"117":0,"118":0,"119":0,"122":0,"123":0,"124":0,"125":0,"126":0,"127":0,"128":0,"130":0,"131":0,"132":0,"133":0,"134":0,"135":0,"136":0,"138":0,"139":0,"140":0,"142":0,"144":0,"145":0,"146":0,"147":0,"148":0,"149":0,"150":0,"151":0,"152":0,"153":0,"155":0,"174":0,"175":0,"176":0,"177":0,"178":0,"179":0,"180":0,"181":0,"182":0,"183":0,"184":0,"185":0,"186":0,"187":0,"188":0,"189":0,"190":0,"191":0,"192":0,"193":0,"194":0,"195":0,"196":0,"197":0,"198":0,"199":0,"200":0,"201":0,"202":0,"203":0,"204":0,"205":0,"206":0,"207":0,"208":0,"209":0,"211":0},"branchMap":{"0":{"type":"branch","line":1,"loc":{"start":{"line":1,"column":0},"end":{"line":212,"column":-1767}},"locations":[{"start":{"line":1,"column":0},"end":{"line":212,"column":-1767}}]}},"b":{"0":[0]},"fnMap":{"0":{"name":"(empty-report)","decl":{"start":{"line":1,"column":0},"end":{"line":212,"column":-1767}},"loc":{"start":{"line":1,"column":0},"end":{"line":212,"column":-1767}},"line":1}},"f":{"0":0}}
,"/Users/toshinoriishibashi/Desktop/ULTRA/crypto-rfq-aggregator-hype/frontend/components/Tooltips.tsx": {"path":"/Users/toshinoriishibashi/Desktop/ULTRA/crypto-rfq-aggregator-hype/frontend/components/Tooltips.tsx","all":true,"statementMap":{"0":{"start":{"line":1,"column":0},"end":{"line":1,"column":13}},"11":{"start":{"line":12,"column":0},"end":{"line":12,"column":64}},"14":{"start":{"line":15,"column":0},"end":{"line":15,"column":4}},"15":{"start":{"line":16,"column":0},"end":{"line":16,"column":51}},"16":{"start":{"line":17,"column":0},"end":{"line":17,"column":45}},"17":{"start":{"line":18,"column":0},"end":{"line":18,"column":75}},"18":{"start":{"line":19,"column":0},"end":{"line":19,"column":35}},"19":{"start":{"line":20,"column":0},"end":{"line":20,"column":69}},"20":{"start":{"line":21,"column":0},"end":{"line":21,"column":12}},"21":{"start":{"line":22,"column":0},"end":{"line":22,"column":13}},"22":{"start":{"line":23,"column":0},"end":{"line":23,"column":25}},"23":{"start":{"line":24,"column":0},"end":{"line":24,"column":24}},"24":{"start":{"line":25,"column":0},"end":{"line":25,"column":47}},"25":{"start":{"line":26,"column":0},"end":{"line":26,"column":90}},"26":{"start":{"line":27,"column":0},"end":{"line":27,"column":31}},"27":{"start":{"line":28,"column":0},"end":{"line":28,"column":50}},"28":{"start":{"line":29,"column":0},"end":{"line":29,"column":25}},"29":{"start":{"line":30,"column":0},"end":{"line":30,"column":76}},"30":{"start":{"line":31,"column":0},"end":{"line":31,"column":66}},"31":{"start":{"line":32,"column":0},"end":{"line":32,"column":112}},"33":{"start":{"line":34,"column":0},"end":{"line":34,"column":19}},"34":{"start":{"line":35,"column":0},"end":{"line":35,"column":15}},"36":{"start":{"line":37,"column":0},"end":{"line":37,"column":1}},"38":{"start":{"line":39,"column":0},"end":{"line":39,"column":56}},"39":{"start":{"line":40,"column":0},"end":{"line":40,"column":72}},"40":{"start":{"line":41,"column":0},"end":{"line":41,"column":72}},"41":{"start":{"line":42,"column":0},"end":{"line":42,"column":12}},"42":{"start":{"line":43,"column":0},"end":{"line":43,"column":21}},"43":{"start":{"line":44,"column":0},"end":{"line":44,"column":30}},"44":{"start":{"line":45,"column":0},"end":{"line":45,"column":61}},"45":{"start":{"line":46,"column":0},"end":{"line":46,"column":63}},"46":{"start":{"line":47,"column":0},"end":{"line":47,"column":106}},"47":{"start":{"line":48,"column":0},"end":{"line":48,"column":105}},"48":{"start":{"line":49,"column":0},"end":{"line":49,"column":101}},"49":{"start":{"line":50,"column":0},"end":{"line":50,"column":11}},"50":{"start":{"line":51,"column":0},"end":{"line":51,"column":222}},"51":{"start":{"line":52,"column":0},"end":{"line":52,"column":78}},"52":{"start":{"line":53,"column":0},"end":{"line":53,"column":14}},"54":{"start":{"line":55,"column":0},"end":{"line":55,"column":1}},"61":{"start":{"line":62,"column":0},"end":{"line":62,"column":89}},"64":{"start":{"line":65,"column":0},"end":{"line":65,"column":4}},"65":{"start":{"line":66,"column":0},"end":{"line":66,"column":72}},"66":{"start":{"line":67,"column":0},"end":{"line":67,"column":72}},"67":{"start":{"line":68,"column":0},"end":{"line":68,"column":40}},"68":{"start":{"line":69,"column":0},"end":{"line":69,"column":26}},"69":{"start":{"line":70,"column":0},"end":{"line":70,"column":61}},"70":{"start":{"line":71,"column":0},"end":{"line":71,"column":67}},"71":{"start":{"line":72,"column":0},"end":{"line":72,"column":101}},"72":{"start":{"line":73,"column":0},"end":{"line":73,"column":124}},"73":{"start":{"line":74,"column":0},"end":{"line":74,"column":84}},"74":{"start":{"line":75,"column":0},"end":{"line":75,"column":6}},"76":{"start":{"line":77,"column":0},"end":{"line":77,"column":20}},"77":{"start":{"line":78,"column":0},"end":{"line":78,"column":76}},"78":{"start":{"line":79,"column":0},"end":{"line":79,"column":55}},"79":{"start":{"line":80,"column":0},"end":{"line":80,"column":48}},"80":{"start":{"line":81,"column":0},"end":{"line":81,"column":62}},"81":{"start":{"line":82,"column":0},"end":{"line":82,"column":63}},"82":{"start":{"line":83,"column":0},"end":{"line":83,"column":28}},"83":{"start":{"line":84,"column":0},"end":{"line":84,"column":13}},"84":{"start":{"line":85,"column":0},"end":{"line":85,"column":57}},"85":{"start":{"line":86,"column":0},"end":{"line":86,"column":28}},"86":{"start":{"line":87,"column":0},"end":{"line":87,"column":44}},"87":{"start":{"line":88,"column":0},"end":{"line":88,"column":73}},"88":{"start":{"line":89,"column":0},"end":{"line":89,"column":33}},"89":{"start":{"line":90,"column":0},"end":{"line":90,"column":6}},"91":{"start":{"line":92,"column":0},"end":{"line":92,"column":12}},"92":{"start":{"line":93,"column":0},"end":{"line":93,"column":27}},"93":{"start":{"line":94,"column":0},"end":{"line":94,"column":263}},"94":{"start":{"line":95,"column":0},"end":{"line":95,"column":170}},"95":{"start":{"line":96,"column":0},"end":{"line":96,"column":158}},"96":{"start":{"line":97,"column":0},"end":{"line":97,"column":180}},"97":{"start":{"line":98,"column":0},"end":{"line":98,"column":85}},"98":{"start":{"line":99,"column":0},"end":{"line":99,"column":22}},"99":{"start":{"line":100,"column":0},"end":{"line":100,"column":18}},"101":{"start":{"line":102,"column":0},"end":{"line":102,"column":142}},"102":{"start":{"line":103,"column":0},"end":{"line":103,"column":154}},"103":{"start":{"line":104,"column":0},"end":{"line":104,"column":155}},"104":{"start":{"line":105,"column":0},"end":{"line":105,"column":145}},"105":{"start":{"line":106,"column":0},"end":{"line":106,"column":240}},"106":{"start":{"line":107,"column":0},"end":{"line":107,"column":211}},"107":{"start":{"line":108,"column":0},"end":{"line":108,"column":119}},"108":{"start":{"line":109,"column":0},"end":{"line":109,"column":220}},"109":{"start":{"line":110,"column":0},"end":{"line":110,"column":197}},"110":{"start":{"line":111,"column":0},"end":{"line":111,"column":18}},"112":{"start":{"line":113,"column":0},"end":{"line":113,"column":110}},"113":{"start":{"line":114,"column":0},"end":{"line":114,"column":181}},"114":{"start":{"line":115,"column":0},"end":{"line":115,"column":144}},"115":{"start":{"line":116,"column":0},"end":{"line":116,"column":208}},"116":{"start":{"line":117,"column":0},"end":{"line":117,"column":147}},"118":{"start":{"line":119,"column":0},"end":{"line":119,"column":195}},"119":{"start":{"line":120,"column":0},"end":{"line":120,"column":140}},"121":{"start":{"line":122,"column":0},"end":{"line":122,"column":229}},"122":{"start":{"line":123,"column":0},"end":{"line":123,"column":140}},"124":{"start":{"line":125,"column":0},"end":{"line":125,"column":233}},"125":{"start":{"line":126,"column":0},"end":{"line":126,"column":149}},"127":{"start":{"line":128,"column":0},"end":{"line":128,"column":216}},"128":{"start":{"line":129,"column":0},"end":{"line":129,"column":139}},"129":{"start":{"line":130,"column":0},"end":{"line":130,"column":22}},"130":{"start":{"line":131,"column":0},"end":{"line":131,"column":18}},"132":{"start":{"line":133,"column":0},"end":{"line":133,"column":182}},"133":{"start":{"line":134,"column":0},"end":{"line":134,"column":122}},"134":{"start":{"line":135,"column":0},"end":{"line":135,"column":124}},"135":{"start":{"line":136,"column":0},"end":{"line":136,"column":18}},"137":{"start":{"line":138,"column":0},"end":{"line":138,"column":25}},"138":{"start":{"line":139,"column":0},"end":{"line":139,"column":216}},"139":{"start":{"line":140,"column":0},"end":{"line":140,"column":324}},"140":{"start":{"line":141,"column":0},"end":{"line":141,"column":61}},"141":{"start":{"line":142,"column":0},"end":{"line":142,"column":29}},"142":{"start":{"line":143,"column":0},"end":{"line":143,"column":189}},"143":{"start":{"line":144,"column":0},"end":{"line":144,"column":22}},"145":{"start":{"line":146,"column":0},"end":{"line":146,"column":14}},"147":{"start":{"line":148,"column":0},"end":{"line":148,"column":1}},"149":{"start":{"line":150,"column":0},"end":{"line":150,"column":65}},"150":{"start":{"line":151,"column":0},"end":{"line":151,"column":74}},"151":{"start":{"line":152,"column":0},"end":{"line":152,"column":12}},"152":{"start":{"line":153,"column":0},"end":{"line":153,"column":187}},"153":{"start":{"line":154,"column":0},"end":{"line":154,"column":174}},"154":{"start":{"line":155,"column":0},"end":{"line":155,"column":114}},"155":{"start":{"line":156,"column":0},"end":{"line":156,"column":15}},"157":{"start":{"line":158,"column":0},"end":{"line":158,"column":1}}},"s":{"0":0,"11":0,"14":0,"15":0,"16":0,"17":0,"18":0,"19":0,"20":0,"21":0,"22":0,"23":0,"24":0,"25":0,"26":0,"27":0,"28":0,"29":0,"30":0,"31":0,"33":0,"34":0,"36":0,"38":0,"39":0,"40":0,"41":0,"42":0,"43":0,"44":0,"45":0,"46":0,"47":0,"48":0,"49":0,"50":0,"51":0,"52":0,"54":0,"61":0,"64":0,"65":0,"66":0,"67":0,"68":0,"69":0,"70":0,"71":0,"72":0,"73":0,"74":0,"76":0,"77":0,"78":0,"79":0,"80":0,"81":0,"82":0,"83":0,"84":0,"85":0,"86":0,"87":0,"88":0,"89":0,"91":0,"92":0,"93":0,"94":0,"95":0,"96":0,"97":0,"98":0,"99":0,"101":0,"102":0,"103":0,"104":0,"105":0,"106":0,"107":0,"108":0,"109":0,"110":0,"112":0,"113":0,"114":0,"115":0,"116":0,"118":0,"119":0,"121":0,"122":0,"124":0,"125":0,"127":0,"128":0,"129":0,"130":0,"132":0,"133":0,"134":0,"135":0,"137":0,"138":0,"139":0,"140":0,"141":0,"142":0,"143":0,"145":0,"147":0,"149":0,"150":0,"151":0,"152":0,"153":0,"154":0,"155":0,"157":0},"branchMap":{"0":{"type":"branch","line":1,"loc":{"start":{"line":1,"column":0},"end":{"line":158,"column":-1346}},"locations":[{"start":{"line":1,"column":0},"end":{"line":158,"column":-1346}}]}},"b":{"0":[0]},"fnMap":{"0":{"name":"(empty-report)","decl":{"start":{"line":1,"column":0},"end":{"line":158,"column":-1346}},"loc":{"start":{"line":1,"column":0},"end":{"line":158,"column":-1346}},"line":1}},"f":{"0":0}}
,"/Users/toshinoriishibashi/Desktop/ULTRA/crypto-rfq-aggregator-hype/frontend/components/YieldMatrix.tsx": {"path":"/Users/toshinoriishibashi/Desktop/ULTRA/crypto-rfq-aggregator-hype/frontend/components/YieldMatrix.tsx","all":true,"statementMap":{"0":{"start":{"line":1,"column":0},"end":{"line":1,"column":13}},"27":{"start":{"line":28,"column":0},"end":{"line":28,"column":15}},"28":{"start":{"line":29,"column":0},"end":{"line":29,"column":73}},"29":{"start":{"line":30,"column":0},"end":{"line":30,"column":76}},"30":{"start":{"line":31,"column":0},"end":{"line":31,"column":2}},"36":{"start":{"line":37,"column":0},"end":{"line":37,"column":54}},"37":{"start":{"line":38,"column":0},"end":{"line":38,"column":85}},"38":{"start":{"line":39,"column":0},"end":{"line":39,"column":89}},"39":{"start":{"line":40,"column":0},"end":{"line":40,"column":34}},"40":{"start":{"line":41,"column":0},"end":{"line":41,"column":22}},"42":{"start":{"line":43,"column":0},"end":{"line":43,"column":244}},"44":{"start":{"line":45,"column":0},"end":{"line":45,"column":84}},"46":{"start":{"line":47,"column":0},"end":{"line":47,"column":30}},"47":{"start":{"line":48,"column":0},"end":{"line":48,"column":34}},"48":{"start":{"line":49,"column":0},"end":{"line":49,"column":123}},"49":{"start":{"line":50,"column":0},"end":{"line":50,"column":42}},"50":{"start":{"line":51,"column":0},"end":{"line":51,"column":16}},"51":{"start":{"line":52,"column":0},"end":{"line":52,"column":47}},"52":{"start":{"line":53,"column":0},"end":{"line":53,"column":122}},"53":{"start":{"line":54,"column":0},"end":{"line":54,"column":247}},"54":{"start":{"line":55,"column":0},"end":{"line":55,"column":18}},"56":{"start":{"line":57,"column":0},"end":{"line":57,"column":30}},"57":{"start":{"line":58,"column":0},"end":{"line":58,"column":165}},"58":{"start":{"line":59,"column":0},"end":{"line":59,"column":12}},"59":{"start":{"line":60,"column":0},"end":{"line":60,"column":16}},"60":{"start":{"line":61,"column":0},"end":{"line":61,"column":86}},"61":{"start":{"line":62,"column":0},"end":{"line":62,"column":54}},"62":{"start":{"line":63,"column":0},"end":{"line":63,"column":100}},"63":{"start":{"line":64,"column":0},"end":{"line":64,"column":221}},"64":{"start":{"line":65,"column":0},"end":{"line":65,"column":135}},"65":{"start":{"line":66,"column":0},"end":{"line":66,"column":30}},"66":{"start":{"line":67,"column":0},"end":{"line":67,"column":101}},"67":{"start":{"line":68,"column":0},"end":{"line":68,"column":107}},"68":{"start":{"line":69,"column":0},"end":{"line":69,"column":149}},"69":{"start":{"line":70,"column":0},"end":{"line":70,"column":126}},"70":{"start":{"line":71,"column":0},"end":{"line":71,"column":40}},"71":{"start":{"line":72,"column":0},"end":{"line":72,"column":254}},"72":{"start":{"line":73,"column":0},"end":{"line":73,"column":260}},"73":{"start":{"line":74,"column":0},"end":{"line":74,"column":41}},"74":{"start":{"line":75,"column":0},"end":{"line":75,"column":40}},"75":{"start":{"line":76,"column":0},"end":{"line":76,"column":39}},"76":{"start":{"line":77,"column":0},"end":{"line":77,"column":74}},"77":{"start":{"line":78,"column":0},"end":{"line":78,"column":52}},"78":{"start":{"line":79,"column":0},"end":{"line":79,"column":246}},"79":{"start":{"line":80,"column":0},"end":{"line":80,"column":60}},"80":{"start":{"line":81,"column":0},"end":{"line":81,"column":81}},"81":{"start":{"line":82,"column":0},"end":{"line":82,"column":56}},"82":{"start":{"line":83,"column":0},"end":{"line":83,"column":63}},"83":{"start":{"line":84,"column":0},"end":{"line":84,"column":63}},"84":{"start":{"line":85,"column":0},"end":{"line":85,"column":67}},"85":{"start":{"line":86,"column":0},"end":{"line":86,"column":64}},"86":{"start":{"line":87,"column":0},"end":{"line":87,"column":66}},"87":{"start":{"line":88,"column":0},"end":{"line":88,"column":74}},"88":{"start":{"line":89,"column":0},"end":{"line":89,"column":71}},"89":{"start":{"line":90,"column":0},"end":{"line":90,"column":86}},"90":{"start":{"line":91,"column":0},"end":{"line":91,"column":93}},"91":{"start":{"line":92,"column":0},"end":{"line":92,"column":119}},"92":{"start":{"line":93,"column":0},"end":{"line":93,"column":82}},"93":{"start":{"line":94,"column":0},"end":{"line":94,"column":78}},"94":{"start":{"line":95,"column":0},"end":{"line":95,"column":75}},"95":{"start":{"line":96,"column":0},"end":{"line":96,"column":81}},"96":{"start":{"line":97,"column":0},"end":{"line":97,"column":73}},"97":{"start":{"line":98,"column":0},"end":{"line":98,"column":81}},"98":{"start":{"line":99,"column":0},"end":{"line":99,"column":54}},"100":{"start":{"line":101,"column":0},"end":{"line":101,"column":47}},"101":{"start":{"line":102,"column":0},"end":{"line":102,"column":45}},"102":{"start":{"line":103,"column":0},"end":{"line":103,"column":39}},"103":{"start":{"line":104,"column":0},"end":{"line":104,"column":40}},"104":{"start":{"line":105,"column":0},"end":{"line":105,"column":36}},"105":{"start":{"line":106,"column":0},"end":{"line":106,"column":30}},"106":{"start":{"line":107,"column":0},"end":{"line":107,"column":26}},"107":{"start":{"line":108,"column":0},"end":{"line":108,"column":19}},"108":{"start":{"line":109,"column":0},"end":{"line":109,"column":18}},"110":{"start":{"line":111,"column":0},"end":{"line":111,"column":5}},"112":{"start":{"line":113,"column":0},"end":{"line":113,"column":12}},"113":{"start":{"line":114,"column":0},"end":{"line":114,"column":164}},"114":{"start":{"line":115,"column":0},"end":{"line":115,"column":153}},"115":{"start":{"line":116,"column":0},"end":{"line":116,"column":83}},"116":{"start":{"line":117,"column":0},"end":{"line":117,"column":166}},"117":{"start":{"line":118,"column":0},"end":{"line":118,"column":153}},"118":{"start":{"line":119,"column":0},"end":{"line":119,"column":22}},"119":{"start":{"line":120,"column":0},"end":{"line":120,"column":78}},"120":{"start":{"line":121,"column":0},"end":{"line":121,"column":237}},"121":{"start":{"line":122,"column":0},"end":{"line":122,"column":183}},"122":{"start":{"line":123,"column":0},"end":{"line":123,"column":22}},"1
[...]
{"type":"branch","line":226,"loc":{"start":{"line":226,"column":35},"end":{"line":226,"column":50}},"locations":[{"start":{"line":226,"column":35},"end":{"line":226,"column":50}}]},"45":{"type":"branch","line":226,"loc":{"start":{"line":226,"column":44},"end":{"line":226,"column":53}},"locations":[{"start":{"line":226,"column":44},"end":{"line":226,"column":53}}]},"46":{"type":"branch","line":227,"loc":{"start":{"line":227,"column":32},"end":{"line":227,"column":57}},"locations":[{"start":{"line":227,"column":32},"end":{"line":227,"column":57}}]},"47":{"type":"branch","line":229,"loc":{"start":{"line":229,"column":42},"end":{"line":232,"column":19}},"locations":[{"start":{"line":229,"column":42},"end":{"line":232,"column":19}}]},"48":{"type":"branch","line":232,"loc":{"start":{"line":232,"column":8},"end":{"line":237,"column":9}},"locations":[{"start":{"line":232,"column":8},"end":{"line":237,"column":9}}]},"49":{"type":"branch","line":232,"loc":{"start":{"line":232,"column":19},"end":{"line":232,"column":51}},"locations":[{"start":{"line":232,"column":19},"end":{"line":232,"column":51}}]},"50":{"type":"branch","line":232,"loc":{"start":{"line":232,"column":51},"end":{"line":237,"column":9}},"locations":[{"start":{"line":232,"column":51},"end":{"line":237,"column":9}}]},"51":{"type":"branch","line":248,"loc":{"start":{"line":248,"column":46},"end":{"line":248,"column":65}},"locations":[{"start":{"line":248,"column":46},"end":{"line":248,"column":65}}]},"52":{"type":"branch","line":248,"loc":{"start":{"line":248,"column":56},"end":{"line":248,"column":83}},"locations":[{"start":{"line":248,"column":56},"end":{"line":248,"column":83}}]},"53":{"type":"branch","line":252,"loc":{"start":{"line":252,"column":23},"end":{"line":252,"column":35}},"locations":[{"start":{"line":252,"column":23},"end":{"line":252,"column":35}}]},"54":{"type":"branch","line":258,"loc":{"start":{"line":258,"column":12},"end":{"line":258,"column":28}},"locations":[{"start":{"line":258,"column":12},"end":{"line":258,"column":28}}]},"55":{"type":"branch","line":258,"loc":{"start":{"line":258,"column":28},"end":{"line":258,"column":85}},"locations":[{"start":{"line":258,"column":28},"end":{"line":258,"column":85}}]},"56":{"type":"branch","line":269,"loc":{"start":{"line":269,"column":35},"end":{"line":269,"column":67}},"locations":[{"start":{"line":269,"column":35},"end":{"line":269,"column":67}}]},"57":{"type":"branch","line":269,"loc":{"start":{"line":269,"column":52},"end":{"line":269,"column":69}},"locations":[{"start":{"line":269,"column":52},"end":{"line":269,"column":69}}]},"58":{"type":"branch","line":271,"loc":{"start":{"line":271,"column":49},"end":{"line":271,"column":63}},"locations":[{"start":{"line":271,"column":49},"end":{"line":271,"column":63}}]},"59":{"type":"branch","line":281,"loc":{"start":{"line":281,"column":93},"end":{"line":281,"column":99}},"locations":[{"start":{"line":281,"column":93},"end":{"line":281,"column":99}}]},"60":{"type":"branch","line":273,"loc":{"start":{"line":273,"column":40},"end":{"line":273,"column":59}},"locations":[{"start":{"line":273,"column":40},"end":{"line":273,"column":59}}]},"61":{"type":"branch","line":277,"loc":{"start":{"line":277,"column":41},"end":{"line":277,"column":54}},"locations":[{"start":{"line":277,"column":41},"end":{"line":277,"column":54}}]},"62":{"type":"branch","line":282,"loc":{"start":{"line":282,"column":29},"end":{"line":282,"column":42}},"locations":[{"start":{"line":282,"column":29},"end":{"line":282,"column":42}}]},"63":{"type":"branch","line":329,"loc":{"start":{"line":329,"column":7},"end":{"line":365,"column":1}},"locations":[{"start":{"line":329,"column":7},"end":{"line":365,"column":1}}]},"64":{"type":"branch","line":330,"loc":{"start":{"line":330,"column":28},"end":{"line":330,"column":38}},"locations":[{"start":{"line":330,"column":28},"end":{"line":330,"column":38}}]},"65":{"type":"branch","line":337,"loc":{"start":{"line":337,"column":32},"end":{"line":343,"column":5}},"locations":[{"start":{"line":337,"column":32},"end":{"line":343,"column":5}}]},"66":{"type":"branch","line":338,"loc":{"start":{"line":338,"column":43},"end":{"line":342,"column":9}},"locations":[{"start":{"line":338,"column":43},"end":{"line":342,"column":9}}]},"67":{"type":"branch","line":341,"loc":{"start":{"line":341,"column":34},"end":{"line":341,"column":52}},"locations":[{"start":{"line":341,"column":34},"end":{"line":341,"column":52}}]},"68":{"type":"branch","line":344,"loc":{"start":{"line":344,"column":39},"end":{"line":346,"column":5}},"locations":[{"start":{"line":344,"column":39},"end":{"line":346,"column":5}}]},"69":{"type":"branch","line":345,"loc":{"start":{"line":345,"column":40},"end":{"line":345,"column":58}},"locations":[{"start":{"line":345,"column":40},"end":{"line":345,"column":58}}]},"70":{"type":"branch","line":347,"loc":{"start":{"line":347,"column":44},"end":{"line":347,"column":82}},"locations":[{"start":{"line":347,"column":44},"end":{"line":347,"column":82}}]},"71":{"type":"branch","line":347,"loc":{"start":{"line":347,"column":70},"end":{"line":347,"column":78}},"locations":[{"start":{"line":347,"column":70},"end":{"line":347,"column":78}}]},"72":{"type":"branch","line":347,"loc":{"start":{"line":347,"column":74},"end":{"line":347,"column":82}},"locations":[{"start":{"line":347,"column":74},"end":{"line":347,"column":82}}]},"73":{"type":"branch","line":349,"loc":{"start":{"line":349,"column":26},"end":{"line":364,"column":5}},"locations":[{"start":{"line":349,"column":26},"end":{"line":364,"column":5}}]},"74":{"type":"branch","line":353,"loc":{"start":{"line":353,"column":27},"end":{"line":361,"column":9}},"locations":[{"start":{"line":353,"column":27},"end":{"line":361,"column":9}}]},"75":{"type":"branch","line":354,"loc":{"start":{"line":354,"column":47},"end":{"line":360,"column":13}},"locations":[{"start":{"line":354,"column":47},"end":{"line":360,"column":13}}]},"76":{"type":"branch","line":355,"loc":{"start":{"line":355,"column":32},"end":{"line":355,"column":41}},"locations":[{"start":{"line":355,"column":32},"end":{"line":355,"column":41}}]},"77":{"type":"branch","line":355,"loc":{"start":{"line":355,"column":32},"end":{"line":359,"column":42}},"locations":[{"start":{"line":355,"column":32},"end":{"line":359,"column":42}}]},"78":{"type":"branch","line":359,"loc":{"start":{"line":359,"column":42},"end":{"line":359,"column":79}},"locations":[{"start":{"line":359,"column":42},"end":{"line":359,"column":79}}]},"79":{"type":"branch","line":363,"loc":{"start":{"line":363,"column":60},"end":{"line":363,"column":87}},"locations":[{"start":{"line":363,"column":60},"end":{"line":363,"column":87}}]},"80":{"type":"branch","line":363,"loc":{"start":{"line":363,"column":83},"end":{"line":363,"column":91}},"locations":[{"start":{"line":363,"column":83},"end":{"line":363,"column":91}}]},"81":{"type":"branch","line":364,"loc":{"start":{"line":364,"column":12},"end":{"line":364,"column":39}},"locations":[{"start":{"line":364,"column":12},"end":{"line":364,"column":39}}]},"82":{"type":"branch","line":370,"loc":{"start":{"line":370,"column":7},"end":{"line":417,"column":1}},"locations":[{"start":{"line":370,"column":7},"end":{"line":417,"column":1}}]},"83":{"type":"branch","line":372,"loc":{"start":{"line":372,"column":46},"end":{"line":372,"column":56}},"locations":[{"start":{"line":372,"column":46},"end":{"line":372,"column":56}}]},"84":{"type":"branch","line":372,"loc":{"start":{"line":372,"column":54},"end":{"line":373,"column":20}},"locations":[{"start":{"line":372,"column":54},"end":{"line":373,"column":20}}]},"85":{"type":"branch","line":373,"loc":{"start":{"line":373,"column":8},"end":{"line":373,"column":41}},"locations":[{"start":{"line":373,"column":8},"end":{"line":373,"column":41}}]},"86":{"type":"branch","line":373,"loc":{"start":{"line":373,"column":41},"end":{"line":373,"column":51}},"locations":[{"start":{"line":373,"column":41},"end":{"line":373,"column":51}}]},"87":{"type":"branch","line":373,"loc":{"start":{"line":373,"column":49},"end":{"line":376,"column":28}},"locations":[{"start":{"line":373,"column":49},"end":{"line":376,"column":28}}]},"88":{"type":"branch","line":376,"loc":{"start":{"line":376,"column":28},"end":{"line":379,"column":5}},"locations":[{"start":{"line":376,"column":28},"end":{"line":379,"column":5}}]},"89":{"type":"branch","line":379,"loc":{"start":{"line":379,"column":4},"end":{"line":394,"column":36}},"locations":[{"start":{"line":379,"column":4},"end":{"line":394,"column":36}}]},"90":{"type":"branch","line":394,"loc":{"start":{"line":394,"column":25},"end":{"line":394,"column":63}},"locations":[{"start":{"line":394,"column":25},"end":{"line":394,"column":63}}]},"91":{"type":"branch","line":394,"loc":{"start":{"line":394,"column":59},"end":{"line":394,"column":88}},"locations":[{"start":{"line":394,"column":59},"end":{"line":394,"column":88}}]},"92":{"type":"branch","line":396,"loc":{"start":{"line":396,"column":25},"end":{"line":400,"column":5}},"locations":[{"start":{"line":396,"column":25},"end":{"line":400,"column":5}}]},"93":{"type":"branch","line":397,"loc":{"start":{"line":397,"column":41},"end":{"line":397,"column":49}},"locations":[{"start":{"line":397,"column":41},"end":{"line":397,"column":49}}]},"94":{"type":"branch","line":400,"loc":{"start":{"line":400,"column":4},"end":{"line":409,"column":30}},"locations":[{"start":{"line":400,"column":4},"end":{"line":409,"column":30}}]},"95":{"type":"branch","line":404,"loc":{"start":{"line":404,"column":48},"end":{"line":404,"column":57}},"locations":[{"start":{"line":404,"column":48},"end":{"line":404,"column":57}}]},"96":{"type":"branch","line":405,"loc":{"start":{"line":405,"column":23},"end":{"line":405,"column":71}},"locations":[{"start":{"line":405,"column":23},"end":{"line":405,"column":71}}]},"97":{"type":"branch","line":406,"loc":{"start":{"line":406,"column":36},"end":{"line":406,"column":53}},"locations":[{"start":{"line":406,"column":36},"end":{"line":406,"column":53}}]},"98":{"type":"branch","line":409,"loc":{"start":{"line":409,"column":19},"end":{"line":409,"column":34}},"locations":[{"start":{"line":409,"column":19},"end":{"line":409,"column":34}}]},"99":{"type":"branch","line":409,"loc":{"start":{"line":409,"column":30},"end":{"line":409,"column":37}},"locations":[{"start":{"line":409,"column":30},"end":{"line":409,"column":37}}]},"100":{"type":"branch","line":411,"loc":{"start":{"line":411,"column":9},"end":{"line":411,"column":41}},"locations":[{"start":{"line":411,"column":9},"end":{"line":411,"column":41}}]},"101":{"type":"branch","line":411,"loc":{"start":{"line":411,"column":34},"end":{"line":411,"column":78}},"locations":[{"start":{"line":411,"column":34},"end":{"line":411,"column":78}}]},"102":{"type":"branch","line":411,"loc":{"start":{"line":411,"column":78},"end":{"line":417,"column":1}},"locations":[{"start":{"line":411,"column":78},"end":{"line":417,"column":1}}]},"103":{"type":"branch","line":412,"loc":{"start":{"line":412,"column":23},"end":{"line":412,"column":70}},"locations":[{"start":{"line":412,"column":23},"end":{"line":412,"column":70}}]},"104":{"type":"branch","line":413,"loc":{"start":{"line":413,"column":36},"end":{"line":413,"column":53}},"locations":[{"start":{"line":413,"column":36},"end":{"line":413,"column":53}}]},"105":{"type":"branch","line":371,"loc":{"start":{"line":371,"column":33},"end":{"line":371,"column":53}},"locations":[{"start":{"line":371,"column":33},"end":{"line":371,"column":53}}]},"106":{"type":"branch","line":381,"loc":{"start":{"line":381,"column":49},"end":{"line":381,"column":72}},"locations":[{"start":{"line":381,"column":49},"end":{"line":381,"column":72}}]},"107":{"type":"branch","line":387,"loc":{"start":{"line":387,"column":22},"end":{"line":392,"column":6}},"locations":[{"start":{"line":387,"column":22},"end":{"line":392,"column":6}}]},"108":{"type":"branch","line":389,"loc":{"start":{"line":389,"column":27},"end":{"line":391,"column":74}},"locations":[{"start":{"line":389,"column":27},"end":{"line":391,"column":74}}]},"109":{"type":"branch","line":388,"loc":{"start":{"line":388,"column":30},"end":{"line":388,"column":60}},"locations":[{"start":{"line":388,"column":30},"end":{"line":388,"column":60}}]},"110":{"type":"branch","line":403,"loc":{"start":{"line":403,"column":36},"end":{"line":403,"column":105}},"locations":[{"start":{"line":403,"column":36},"end":{"line":403,"column":105}}]},"111":{"type":"branch","line":403,"loc":{"start":{"line":403,"column":55},"end":{"line":403,"column":86}},"locations":[{"start":{"line":403,"column":55},"end":{"line":403,"column":86}}]},"112":{"type":"branch","line":425,"loc":{"start":{"line":425,"column":7},"end":{"line":433,"column":1}},"locations":[{"start":{"line":425,"column":7},"end":{"line":433,"column":1}}]},"113":{"type":"branch","line":427,"loc":{"start":{"line":427,"column":31},"end":{"line":429,"column":5}},"locations":[{"start":{"line":427,"column":31},"end":{"line":429,"column":5}}]},"114":{"type":"branch","line":430,"loc":{"start":{"line":430,"column":22},"end":{"line":433,"column":1}},"locations":[{"start":{"line":430,"column":22},"end":{"line":433,"column":1}}]},"115":{"type":"branch","line":438,"loc":{"start":{"line":438,"column":7},"end":{"line":455,"column":1}},"locations":[{"start":{"line":438,"column":7},"end":{"line":455,"column":1}}]},"116":{"type":"branch","line":439,"loc":{"start":{"line":439,"column":33},"end":{"line":439,"column":42}},"locations":[{"start":{"line":439,"column":33},"end":{"line":439,"column":42}}]},"117":{"type":"branch","line":440,"loc":{"start":{"line":440,"column":33},"end":{"line":440,"column":57}},"locations":[{"start":{"line":440,"column":33},"end":{"line":440,"column":57}}]},"118":{"type":"branch","line":440,"loc":{"start":{"line":440,"column":54},"end":{"line":446,"column":14}},"locations":[{"start":{"line":440,"column":54},"end":{"line":446,"column":14}}]},"119":{"type":"branch","line":446,"loc":{"start":{"line":446,"column":8},"end":{"line":446,"column":18}},"locations":[{"start":{"line":446,"column":8},"end":{"line":446,"column":18}}]},"120":{"type":"branch","line":446,"loc":{"start":{"line":446,"column":18},"end":{"line":451,"column":15}},"locations":[{"start":{"line":446,"column":18},"end":{"line":451,"column":15}}]},"121":{"type":"branch","line":451,"loc":{"start":{"line":451,"column":4},"end":{"line":452,"column":30}},"locations":[{"start":{"line":451,"column":4},"end":{"line":452,"column":30}}]},"122":{"type":"branch","line":451,"loc":{"start":{"line":451,"column":19},"end":{"line":451,"column":32}},"locations":[{"start":{"line":451,"column":19},"end":{"line":451,"column":32}}]},"123":{"type":"branch","line":452,"loc":{"start":{"line":452,"column":27},"end":{"line":455,"column":1}},"locations":[{"start":{"line":452,"column":27},"end":{"line":455,"column":1}}]},"124":{"type":"branch","line":442,"loc":{"start":{"line":442,"column":40},"end":{"line":442,"column":63}},"locations":[{"start":{"line":442,"column":40},"end":{"line":442,"column":63}}]},"125":{"type":"branch","line":443,"loc":{"start":{"line":443,"column":42},"end":{"line":443,"column":58}},"locations":[{"start":{"line":443,"column":42},"end":{"line":443,"column":58}}]},"126":{"type":"branch","line":444,"loc":{"start":{"line":444,"column":27},"end":{"line":444,"column":42}},"locations":[{"start":{"line":444,"column":27},"end":{"line":444,"column":42}}]}},"b":{"0":[8],"1":[7],"2":[2],"3":[6],"4":[5],"5":[0],"6":[2],"7":[1],"8":[1],"9":[23],"10":[11],"11":[12],"12":[3],"13":[3],"14":[0],"15":[2],"16":[1],"17":[5],"18":[4],"19":[2],"20":[3],"21":[2],"22":[1],"23":[2],"24":[0],"25":[1],"26":[0],"27":[0],"28":[2],"29":[1],"30":[1],"31":[2],"32":[1],"33":[1],"34":[1],"35":[10],"36":[4],"37":[6],"38":[2],"39":[4],"40":[4],"41":[19],"42":[24],"43":[0],"44":[2],"45":[22],"46":[3],"47":[20],"48":[4],"49":[2],"50":[2],"51":[22],"52":[2],"53":[0],"54":[23],"55":[23],"56":[18],"57":[1],"58":[0],"59":[0],"60":[24],"61":[24],"62":[24],"63":[3],"64":[0],"65":[5],"66":[30],"67":[0],"68":[18],"69":[11],"70":[18],"71":[7],"72":[11],"73":[5],"74":[4],"75":[24],"76":[10],"77":[14],"78":[4],"79":[4],"80":[1],"81":[2],"82":[3],"83":[2],"84":[1],"85":[0],"86":[0],"87":[1],"88":[2],"89":[1],"90":[0],"91":[1],"92":[2],"93":[1],"94":[1],"95":[0],"96":[0],"97":[2],"98":[0],"99":[1],"100":[0],"101":[1],"102":[1],"103":[0],"104":[2],"105":[2],"106":[1],"107":[4],"108":[2],"109":[4],"110":[1],"111":[0],"112":[2],"113":[3],"114":[1],"115":[4],"116":[0],"117":[1],"118":[3],"119":[2],"120":[2],"121":[1],"122":[0],"123":[0],"124":[3],"125":[6],"126":[5]},"fnMap":{"0":{"name":"deriveTakerFee","decl":{"start":{"line":77,"column":7},"end":{"line":83,"column":1}},"loc":{"start":{"line":77,"column":7},"end":{"line":83,"column":1}},"line":77},"1":{"name":"deriveMakerFee","decl":{"start":{"line":85,"column":7},"end":{"line":91,"column":1}},"loc":{"start":{"line":85,"column":7},"end":{"line":91,"column":1}},"line":85},"2":{"name":"deriveFee","decl":{"start":{"line":94,"column":7},"end":{"line":98,"column":1}},"loc":{"start":{"line":94,"column":7},"end":{"line":98,"column":1}},"line":94},"3":{"name":"normCdf","decl":{"start":{"line":106,"column":7},"end":{"line":113,"column":1}},"loc":{"start":{"line":106,"column":7},"end":{"line":113,"column":1}},"line":106},"4":{"name":"normPdf","decl":{"start":{"line":118,"column":7},"end":{"line":120,"column":1}},"loc":{"start":{"line":118,"column":7},"end":{"line":120,"column":1}},"line":118},"5":{"name":"calculateGreeks","decl":{"start":{"line":125,"column":7},"end":{"line":139,"column":1}},"loc":{"start":{"line":125,"column":7},"end":{"line":139,"column":1}},"line":125},"6":{"name":"calculateProbExercise","decl":{"start":{"line":144,"column":7},"end":{"line":148,"column":1}},"loc":{"start":{"line":144,"column":7},"end":{"line":148,"column":1}},"line":144},"7":{"name":"calculateTailLoss","decl":{"start":{"line":153,"column":7},"end":{"line":168,"column":1}},"loc":{"start":{"line":153,"column":7},"end":{"line":168,"column":1}},"line":153},"8":{"name":"calculatePutApr","decl":{"start":{"line":174,"column":7},"end":{"line":176,"column":1}},"loc":{"start":{"line":174,"column":7},"end":{"line":176,"column":1}},"line":174},"9":{"name":"calculateCallApr","decl":{"start":{"line":182,"column":7},"end":{"line":184,"column":1}},"loc":{"start":{"line":182,"column":7},"end":{"line":184,"column":1}},"line":182},"10":{"name":"combinations","decl":{"start":{"line":189,"column":7},"end":{"line":194,"column":1}},"loc":{"start":{"line":189,"column":7},"end":{"line":194,"column":1}},"line":189},"11":{"name":"combinationsWithRep","decl":{"start":{"line":199,"column":7},"end":{"line":204,"column":1}},"loc":{"start":{"line":199,"column":7},"end":{"line":204,"column":1}},"line":199},"12":{"name":"scoreStrategy","decl":{"start":{"line":210,"column":7},"end":{"line":318,"column":1}},"loc":{"start":{"line":210,"column":7},"end":{"line":318,"column":1}},"line":210},"13":{"name":"rankLadders","decl":{"start":{"line":329,"column":7},"end":{"line":365,"column":1}},"loc":{"start":{"line":329,"column":7},"end":{"line":365,"column":1}},"line":329},"14":{"name":"generateLadderCandidates","decl":{"start":{"line":370,"column":7},"end":{"line":417,"column":1}},"loc":{"start":{"line":370,"column":7},"end":{"line":417,"column":1}},"line":370},"15":{"name":"pushCombo","decl":{"start":{"line":387,"column":22},"end":{"line":392,"column":6}},"loc":{"start":{"line":387,"column":22},"end":{"line":392,"column":6}},"line":387},"16":{"name":"findBestLadder","decl":{"start":{"line":425,"column":7},"end":{"line":433,"column":1}},"loc":{"start":{"line":425,"column":7},"end":{"line":433,"column":1}},"line":425},"17":{"name":"estimateDvol","decl":{"start":{"line":438,"column":7},"end":{"line":455,"column":1}},"loc":{"start":{"line":438,"column":7},"end":{"line":455,"column":1}},"line":438}},"f":{"0":8,"1":5,"2":2,"3":23,"4":3,"5":3,"6":5,"7":2,"8":2,"9":2,"10":10,"11":0,"12":19,"13":3,"14":3,"15":4,"16":2,"17":4}}
}
